<?xml version="1.0" encoding="utf-8"?>
<TestRun id="ead2e88c-7c7f-4d9a-adf8-a95b8568a4ba" name="MIIKEY@MKGAME 2026-07-13 10:09:17" runUser="MKGAME\MIIKEY" xmlns="http://microsoft.com/schemas/VisualStudio/TeamTest/2010">
  <Times creation="2026-07-13T10:09:17.5142430+07:00" queuing="2026-07-13T10:09:17.5142436+07:00" start="2026-07-13T10:09:13.5523585+07:00" finish="2026-07-13T10:09:20.6970571+07:00" />
  <TestSettings name="default" id="eb3e5926-2c05-491b-be9e-a615e06a4256">
    <Deployment runDeploymentRoot="MIIKEY_MKGAME_2026-07-13_10_09_17" />
  </TestSettings>
  <Results>
    <UnitTestResult executionId="4dc0b644-1cb5-4625-b480-ccb6891be2a5" testId="728ce2b2-252c-1f2b-42d6-e41a9cb7fc3a" testName="gtas_vpp_be.Tests.UI.StatusDisplayTests.GetCssClass_ReturnsExpectedClass(status: 6, expected: &quot;vpp-badge-pending&quot;)" computerName="MKGAME" duration="00:00:00.0000041" startTime="2026-07-13T10:09:19.4284360+07:00" endTime="2026-07-13T10:09:19.4284853+07:00" testType="13cdc9d9-ddb5-4fa4-a97d-d965ccfc6d4b" outcome="Passed" testListId="8c84fa94-04c1-424b-9868-57a2d4851a1d" relativeResultsDirectory="4dc0b644-1cb5-4625-b480-ccb6891be2a5" />
    <UnitTestResult executionId="05df6dc6-b42d-4caf-a180-c13fe87380ce" testId="bcf7ce4b-269e-87c5-ebfb-8c352e9bfb45" testName="gtas_vpp_be.Tests.SmokeTests.TestRunnerSmokeTests.TestRunner_CanRun" computerName="MKGAME" duration="00:00:00.1180292" startTime="2026-07-13T10:09:16.5978156+07:00" endTime="2026-07-13T10:09:16.7236551+07:00" testType="13cdc9d9-ddb5-4fa4-a97d-d965ccfc6d4b" outcome="Passed" testListId="8c84fa94-04c1-424b-9868-57a2d4851a1d" relativeResultsDirectory="05df6dc6-b42d-4caf-a180-c13fe87380ce" />
    <UnitTestResult executionId="0f6cb273-72b1-46db-a660-35a3639bbe3c" testId="143c94eb-bba5-f2c2-c7c8-c1994ceda56a" testName="gtas_vpp_be.Tests.BaseServicesTests.CrudOperationsTests.DeleteAsync_ExistingEntity_RemovesEntityFromDatabase" computerName="MKGAME" duration="00:00:00.0179418" startTime="2026-07-13T10:09:19.4033054+07:00" endTime="2026-07-13T10:09:19.4209584+07:00" testType="13cdc9d9-ddb5-4fa4-a97d-d965ccfc6d4b" outcome="Passed" testListId="8c84fa94-04c1-424b-9868-57a2d4851a1d" relativeResultsDirectory="0f6cb273-72b1-46db-a660-35a3639bbe3c" />
    <UnitTestResult executionId="28ce7242-bd2b-49ab-920f-924e6762b353" testId="1b31c501-c26d-0f3e-b72f-a2321ab68bcd" testName="gtas_vpp_be.Tests.PasswordEncoderTests.TripleDes_NullKey_UsesDefault" computerName="MKGAME" duration="00:00:00.0001301" startTime="2026-07-13T10:09:19.4167626+07:00" endTime="2026-07-13T10:09:19.4168109+07:00" testType="13cdc9d9-ddb5-4fa4-a97d-d965ccfc6d4b" outcome="Passed" testListId="8c84fa94-04c1-424b-9868-57a2d4851a1d" relativeResultsDirectory="28ce7242-bd2b-49ab-920f-924e6762b353" />
    <UnitTestResult executionId="b81dca17-6607-4e35-b905-d31835046d82" testId="4c1b3748-e9ca-07d6-5101-92b6b14e25ab" testName="gtas_vpp_be.Tests.Domain.OrderStateMachineTests.Transition_InvalidCombination_ThrowsInvalidOperationException(fromStatus: 8, action: Cancel)" computerName="MKGAME" duration="00:00:00.0000229" startTime="2026-07-13T10:09:19.0511453+07:00" endTime="2026-07-13T10:09:19.0511956+07:00" testType="13cdc9d9-ddb5-4fa4-a97d-d965ccfc6d4b" outcome="Passed" testListId="8c84fa94-04c1-424b-9868-57a2d4851a1d" relativeResultsDirectory="b81dca17-6607-4e35-b905-d31835046d82" />
    <UnitTestResult executionId="ed082398-58a8-41aa-81f0-81a64846a017" testId="3420d5fa-1252-99b0-ac1f-41bb3b33c92d" testName="gtas_vpp_be.Tests.PasswordEncoderTests.TripleDes_GoldenVector" computerName="MKGAME" duration="00:00:00.0001368" startTime="2026-07-13T10:09:19.4146640+07:00" endTime="2026-07-13T10:09:19.4149131+07:00" testType="13cdc9d9-ddb5-4fa4-a97d-d965ccfc6d4b" outcome="Passed" testListId="8c84fa94-04c1-424b-9868-57a2d4851a1d" relativeResultsDirectory="ed082398-58a8-41aa-81f0-81a64846a017" />
    <UnitTestResult executionId="f9c6e52e-c53a-4271-9a8b-9c499733bf48" testId="55ec4c2e-5d21-52f6-3242-c383e7e29d2c" testName="gtas_vpp_be.Tests.Domain.OrderStateMachineTests.Transition_InvalidCombination_ThrowsInvalidOperationException(fromStatus: 7, action: Cancel)" computerName="MKGAME" duration="00:00:00.0000106" startTime="2026-07-13T10:09:19.0516263+07:00" endTime="2026-07-13T10:09:19.0516923+07:00" testType="13cdc9d9-ddb5-4fa4-a97d-d965ccfc6d4b" outcome="Passed" testListId="8c84fa94-04c1-424b-9868-57a2d4851a1d" relativeResultsDirectory="f9c6e52e-c53a-4271-9a8b-9c499733bf48" />
    <UnitTestResult executionId="3e9a22f5-2dfc-4944-b22b-ccb30c27e347" testId="4c14ea35-62e6-da96-3aed-d5d175ecde23" testName="gtas_vpp_be.Tests.VPPRequestTests.VPPRequestServiceTests.Approve_SetsApprovedByAndAt_Test" computerName="MKGAME" duration="00:00:00.0337354" startTime="2026-07-13T10:09:19.4012071+07:00" endTime="2026-07-13T10:09:19.4347886+07:00" testType="13cdc9d9-ddb5-4fa4-a97d-d965ccfc6d4b" outcome="Passed" testListId="8c84fa94-04c1-424b-9868-57a2d4851a1d" relativeResultsDirectory="3e9a22f5-2dfc-4944-b22b-ccb30c27e347" />
    <UnitTestResult executionId="f3f499de-0296-4c9d-abcd-c35b7f71f15e" testId="48f4b447-d263-e033-6fd6-0c7bdb67dbef" testName="gtas_vpp_be.Tests.UI.StatusDisplayTests.GetText_ReturnsExpectedLabel(status: 6, expected: &quot;Pending&quot;)" computerName="MKGAME" duration="00:00:00.0001559" startTime="2026-07-13T10:09:19.4319674+07:00" endTime="2026-07-13T10:09:19.4320285+07:00" testType="13cdc9d9-ddb5-4fa4-a97d-d965ccfc6d4b" outcome="Passed" testListId="8c84fa94-04c1-424b-9868-57a2d4851a1d" relativeResultsDirectory="f3f499de-0296-4c9d-abcd-c35b7f71f15e" />
    <UnitTestResult executionId="e3ffca5a-6eca-47cb-be64-5734f38e7295" testId="1753c088-c932-27e1-3b2d-5088fca38afc" testName="gtas_vpp_be.Tests.Domain.OrderStateMachineTests.Transition_ValidCombination_ReturnsExpectedStatus(fromStatus: 6, action: Cancel, expectedStatus: 4)" computerName="MKGAME" duration="00:00:00.0003381" startTime="2026-07-13T10:09:19.0476249+07:00" endTime="2026-07-13T10:09:19.0479561+07:00" testType="13cdc9d9-ddb5-4fa4-a97d-d965ccfc6d4b" outcome="Passed" testListId="8c84fa94-04c1-424b-9868-57a2d4851a1d" relativeResultsDirectory="e3ffca5a-6eca-47cb-be64-5734f38e7295" />
    <UnitTestResult executionId="030bb410-2a58-42b4-a3d5-8bd532ce9533" testId="da148103-667c-9afd-8547-2ff6d4f28e31" testName="gtas_vpp_be.Tests.VPPRequestTests.CreateOrderRaceConditionTests.CreateOrder_TwoConcurrentRegular_OneSucceedsOneFails" computerName="MKGAME" duration="00:00:00.2386289" startTime="2026-07-13T10:09:20.3724920+07:00" endTime="2026-07-13T10:09:20.6139659+07:00" testType="13cdc9d9-ddb5-4fa4-a97d-d965ccfc6d4b" outcome="Passed" testListId="8c84fa94-04c1-424b-9868-57a2d4851a1d" relativeResultsDirectory="030bb410-2a58-42b4-a3d5-8bd532ce9533" />
    <UnitTestResult executionId="5ab2e8cd-fd1f-4ba0-9cde-f38150db4f6e" testId="b33c3528-86c4-c063-d693-a3431b56eeae" testName="gtas_vpp_be.Tests.VPPRequestTests.CreateOrderRaceConditionTests.CreateOrder_OneRegularOneAdditional_BothSucceed" computerName="MKGAME" duration="00:00:00.0439990" startTime="2026-07-13T10:09:20.3284465+07:00" endTime="2026-07-13T10:09:20.3723085+07:00" testType="13cdc9d9-ddb5-4fa4-a97d-d965ccfc6d4b" outcome="Passed" testListId="8c84fa94-04c1-424b-9868-57a2d4851a1d" relativeResultsDirectory="5ab2e8cd-fd1f-4ba0-9cde-f38150db4f6e" />
    <UnitTestResult executionId="daa7ea2b-8cec-4733-a5d6-7658d620ea23" testId="38117dd3-f1fd-ff8e-28de-b248a614a0fd" testName="gtas_vpp_be.Tests.ControllerTests.VPPRequestControllerTests.GetOrderById_NotFound_ReturnsNotFound" computerName="MKGAME" duration="00:00:00.0028580" startTime="2026-07-13T10:09:19.2968988+07:00" endTime="2026-07-13T10:09:19.2996086+07:00" testType="13cdc9d9-ddb5-4fa4-a97d-d965ccfc6d4b" outcome="Passed" testListId="8c84fa94-04c1-424b-9868-57a2d4851a1d" relativeResultsDirectory="daa7ea2b-8cec-4733-a5d6-7658d620ea23" />
    <UnitTestResult executionId="c9250b5f-18e9-46e6-baca-8637f00b6f5d" testId="04c59b67-9e95-eef8-5058-733b16d56184" testName="gtas_vpp_be.Tests.BaseServicesTests.EnvironmentResolverTests.GetEnvironment_ServerClaimTest_ReturnsTestEnv" computerName="MKGAME" duration="00:00:00.0001050" startTime="2026-07-13T10:09:18.5684341+07:00" endTime="2026-07-13T10:09:18.5684861+07:00" testType="13cdc9d9-ddb5-4fa4-a97d-d965ccfc6d4b" outcome="Passed" testListId="8c84fa94-04c1-424b-9868-57a2d4851a1d" relativeResultsDirectory="c9250b5f-18e9-46e6-baca-8637f00b6f5d" />
    <UnitTestResult executionId="bf5cffba-d262-46d1-bd12-512346c887ea" testId="f249a235-4e91-8769-3166-226bba13a8e8" testName="gtas_vpp_be.Tests.UI.StatusDisplayTests.GetCssClass_ReturnsExpectedClass(status: 0, expected: &quot;vpp-badge-default&quot;)" computerName="MKGAME" duration="00:00:00.0002406" startTime="2026-07-13T10:09:19.4281196+07:00" endTime="2026-07-13T10:09:19.4281797+07:00" testType="13cdc9d9-ddb5-4fa4-a97d-d965ccfc6d4b" outcome="Passed" testListId="8c84fa94-04c1-424b-9868-57a2d4851a1d" relativeResultsDirectory="bf5cffba-d262-46d1-bd12-512346c887ea" />
    <UnitTestResult executionId="8d876d9a-0ab5-4ffc-8a5d-d6f028453bdd" testId="f0fb69d0-cc06-8eef-301a-41acb72b1eab" testName="gtas_vpp_be.Tests.VPPPriceTests.VPPPriceServiceTests.Create_SecondPriceWithIsDefaultTrue_DemotesPrevious_OnlyOneDefaultRemains" computerName="MKGAME" duration="00:00:00.0724405" startTime="2026-07-13T10:09:19.1493742+07:00" endTime="2026-07-13T10:09:19.2218232+07:00" testType="13cdc9d9-ddb5-4fa4-a97d-d965ccfc6d4b" outcome="Passed" testListId="8c84fa94-04c1-424b-9868-57a2d4851a1d" relativeResultsDirectory="8d876d9a-0ab5-4ffc-8a5d-d6f028453bdd" />
    <UnitTestResult executionId="d0d99d76-ad30-45e6-baa4-919814984a6c" testId="7751069e-c7b4-f51c-6d65-e0feac09f37e" testName="gtas_vpp_be.Tests.UI.StatusDisplayTests.GetText_ReturnsExpectedLabel(status: 99, expected: &quot;-&quot;)" computerName="MKGAME" duration="00:00:00.0001465" startTime="2026-07-13T10:09:19.4311614+07:00" endTime="2026-07-13T10:09:19.4312084+07:00" testType="13cdc9d9-ddb5-4fa4-a97d-d965ccfc6d4b" outcome="Passed" testListId="8c84fa94-04c1-424b-9868-57a2d4851a1d" relativeResultsDirectory="d0d99d76-ad30-45e6-baa4-919814984a6c" />
    <UnitTestResult executionId="40225bf2-898c-4964-ac35-0f59cea8b6b3" testId="0f673987-0422-5117-7f88-08a66df20628" testName="gtas_vpp_be.Tests.VPPRequestTests.VPPRequestServiceTests.ValidateItems_DuplicateVPPId_ThrowsInvalidOperationException" computerName="MKGAME" duration="00:00:00.0003554" startTime="2026-07-13T10:09:19.4452017+07:00" endTime="2026-07-13T10:09:19.4454519+07:00" testType="13cdc9d9-ddb5-4fa4-a97d-d965ccfc6d4b" outcome="Passed" testListId="8c84fa94-04c1-424b-9868-57a2d4851a1d" relativeResultsDirectory="40225bf2-898c-4964-ac35-0f59cea8b6b3" />
    <UnitTestResult executionId="b2584e47-1ca2-498a-9e91-9ef53f6fa501" testId="23fc1e0a-c99c-14d7-cc61-fdaa9c2cccaa" testName="gtas_vpp_be.Tests.VPPPriceTests.VPPPriceServiceTests.GetCurrentSinglePrice_WithDefault_PrefersDefault" computerName="MKGAME" duration="00:00:00.0049564" startTime="2026-07-13T10:09:19.4034905+07:00" endTime="2026-07-13T10:09:19.4080222+07:00" testType="13cdc9d9-ddb5-4fa4-a97d-d965ccfc6d4b" outcome="Passed" testListId="8c84fa94-04c1-424b-9868-57a2d4851a1d" relativeResultsDirectory="b2584e47-1ca2-498a-9e91-9ef53f6fa501" />
    <UnitTestResult executionId="a90193ad-3ed4-451b-9ca6-aeb65eef4707" testId="65625c31-b303-1b31-5a68-23a41bdf84ef" testName="gtas_vpp_be.Tests.UI.StatusDisplayTests.GetCssClass_ReturnsExpectedClass(status: 7, expected: &quot;vpp-badge-approved&quot;)" computerName="MKGAME" duration="00:00:00.0000020" startTime="2026-07-13T10:09:19.4288486+07:00" endTime="2026-07-13T10:09:19.4288934+07:00" testType="13cdc9d9-ddb5-4fa4-a97d-d965ccfc6d4b" outcome="Passed" testListId="8c84fa94-04c1-424b-9868-57a2d4851a1d" relativeResultsDirectory="a90193ad-3ed4-451b-9ca6-aeb65eef4707" />
    <UnitTestResult executionId="4a52e48e-74e3-4c47-861c-eeda62358749" testId="6284d0df-8b1c-8378-e75e-5dfaea309389" testName="gtas_vpp_be.Tests.ControllerTests.VPPRequestControllerTests.GetOrderFilterValues_ExcludesCurrentColumnSelectionFromPopupScope" computerName="MKGAME" duration="00:00:00.5301368" startTime="2026-07-13T10:09:18.0613887+07:00" endTime="2026-07-13T10:09:18.5905145+07:00" testType="13cdc9d9-ddb5-4fa4-a97d-d965ccfc6d4b" outcome="Passed" testListId="8c84fa94-04c1-424b-9868-57a2d4851a1d" relativeResultsDirectory="4a52e48e-74e3-4c47-861c-eeda62358749" />
    <UnitTestResult executionId="28f90e3f-4e33-429a-bf43-64d6ceebd612" testId="b5307992-0f93-6344-65e6-a5b628e60a68" testName="gtas_vpp_be.Tests.ControllerTests.VPPRequestControllerTests.GetProducts_ReturnsFlattenedProducts_WithActiveSupplierCountOnly" computerName="MKGAME" duration="00:00:00.6955384" startTime="2026-07-13T10:09:18.6034717+07:00" endTime="2026-07-13T10:09:19.2966791+07:00" testType="13cdc9d9-ddb5-4fa4-a97d-d965ccfc6d4b" outcome="Passed" testListId="8c84fa94-04c1-424b-9868-57a2d4851a1d" relativeResultsDirectory="28f90e3f-4e33-429a-bf43-64d6ceebd612" />
    <UnitTestResult executionId="241d8dfb-0c67-4bc0-a32e-884866a69ff6" testId="572f2d6b-041d-07db-e3fa-54470cb0dc55" testName="gtas_vpp_be.Tests.PasswordEncoderTests.TripleDes_CustomKey_DifferentOutput" computerName="MKGAME" duration="00:00:00.0016919" startTime="2026-07-13T10:09:19.4150423+07:00" endTime="2026-07-13T10:09:19.4166279+07:00" testType="13cdc9d9-ddb5-4fa4-a97d-d965ccfc6d4b" outcome="Passed" testListId="8c84fa94-04c1-424b-9868-57a2d4851a1d" relativeResultsDirectory="241d8dfb-0c67-4bc0-a32e-884866a69ff6" />
    <UnitTestResult executionId="4f64edbf-0617-484b-9c7d-ce9c7f3d2034" testId="c7986006-5f5a-ef4c-faa3-7cbe65809f33" testName="gtas_vpp_be.Tests.VPPRequestTests.VPPRequestServiceTests.Reject_SetsRejectedAuditFields_AndDoesNotWriteReasonIntoLogJson" computerName="MKGAME" duration="00:00:00.0088735" startTime="2026-07-13T10:09:19.4349579+07:00" endTime="2026-07-13T10:09:19.4437614+07:00" testType="13cdc9d9-ddb5-4fa4-a97d-d965ccfc6d4b" outcome="Passed" testListId="8c84fa94-04c1-424b-9868-57a2d4851a1d" relativeResultsDirectory="4f64edbf-0617-484b-9c7d-ce9c7f3d2034" />
    <UnitTestResult executionId="0427d8c9-4e13-4d10-9d49-54b2df375142" testId="f247ef67-ccfb-d952-eecb-91290391690b" testName="gtas_vpp_be.Tests.BaseServicesTests.CrudOperationsTests.ReadAsync_Filter_ReturnsMatchingEntities" computerName="MKGAME" duration="00:00:00.0071060" startTime="2026-07-13T10:09:19.4211248+07:00" endTime="2026-07-13T10:09:19.4332959+07:00" testType="13cdc9d9-ddb5-4fa4-a97d-d965ccfc6d4b" outcome="Passed" testListId="8c84fa94-04c1-424b-9868-57a2d4851a1d" relativeResultsDirectory="0427d8c9-4e13-4d10-9d49-54b2df375142" />
    <UnitTestResult executionId="9bc1984c-b19c-4e8f-9c4d-a36d842926f5" testId="93264f63-4957-2785-c49f-d0bfe7d74bdd" testName="gtas_vpp_be.Tests.UI.StatusDisplayTests.GetBadgeStyleName_ReturnsExpectedEnumName(status: 1, expected: &quot;Success&quot;)" computerName="MKGAME" duration="00:00:00.0000020" startTime="2026-07-13T10:09:19.4301823+07:00" endTime="2026-07-13T10:09:19.4302307+07:00" testType="13cdc9d9-ddb5-4fa4-a97d-d965ccfc6d4b" outcome="Passed" testListId="8c84fa94-04c1-424b-9868-57a2d4851a1d" relativeResultsDirectory="9bc1984c-b19c-4e8f-9c4d-a36d842926f5" />
    <UnitTestResult executionId="aa257b28-4a74-4241-acd4-ecd4f093e039" testId="b21dd280-6973-5717-887b-20cd73d60e20" testName="gtas_vpp_be.Tests.PriceListTests.PriceListServiceTests.Clone_CopiesAllL06Rows_NewIds_NotDefault" computerName="MKGAME" duration="00:00:00.0510923" startTime="2026-07-13T10:09:19.0987315+07:00" endTime="2026-07-13T10:09:19.1491265+07:00" testType="13cdc9d9-ddb5-4fa4-a97d-d965ccfc6d4b" outcome="Passed" testListId="8c84fa94-04c1-424b-9868-57a2d4851a1d" relativeResultsDirectory="aa257b28-4a74-4241-acd4-ecd4f093e039" />
    <UnitTestResult executionId="bd1bdd4c-9b19-44fc-9d9a-8a562b5c93f7" testId="7da4b6db-5b37-e4b2-926d-bb5e7d671cc3" testName="gtas_vpp_be.Tests.PeriodSettlementTests.PeriodSettlementServiceTests.Settle_Idempotent_SecondCallChangesPriceList" computerName="MKGAME" duration="00:00:00.0083080" startTime="2026-07-13T10:09:19.5600739+07:00" endTime="2026-07-13T10:09:19.5682742+07:00" testType="13cdc9d9-ddb5-4fa4-a97d-d965ccfc6d4b" outcome="Passed" testListId="8c84fa94-04c1-424b-9868-57a2d4851a1d" relativeResultsDirectory="bd1bdd4c-9b19-44fc-9d9a-8a562b5c93f7" />
    <UnitTestResult executionId="7ab75687-5241-408e-96e5-a2ff6a150eff" testId="c4594bf6-d6fb-7631-d1a2-bfb3d87f9ef1" testName="gtas_vpp_be.Tests.Domain.OrderStateMachineTests.Transition_ValidCombination_ReturnsExpectedStatus(fromStatus: 6, action: Update, expectedStatus: 6)" computerName="MKGAME" duration="00:00:00.0000056" startTime="2026-07-13T10:09:19.0483427+07:00" endTime="2026-07-13T10:09:19.0483945+07:00" testType="13cdc9d9-ddb5-4fa4-a97d-d965ccfc6d4b" outcome="Passed" testListId="8c84fa94-04c1-424b-9868-57a2d4851a1d" relativeResultsDirectory="7ab75687-5241-408e-96e5-a2ff6a150eff" />
    <UnitTestResult executionId="ad24866f-de9e-4d7c-ac50-1a6ccd88d9df" testId="0a7e6808-67cb-c22c-7536-3f44ddb6aaba" testName="gtas_vpp_be.Tests.PeriodSettlementTests.PeriodSettlementServiceTests.Settle_MissingPriceForVPP_Throws" computerName="MKGAME" duration="00:00:00.0106551" startTime="2026-07-13T10:09:19.5235894+07:00" endTime="2026-07-13T10:09:19.5335207+07:00" testType="13cdc9d9-ddb5-4fa4-a97d-d965ccfc6d4b" outcome="Passed" testListId="8c84fa94-04c1-424b-9868-57a2d4851a1d" relativeResultsDirectory="ad24866f-de9e-4d7c-ac50-1a6ccd88d9df" />
    <UnitTestResult executionId="bfa68ea5-8027-47e5-ad39-cf29e11fdfc0" testId="c464a1fe-9a1f-b5b1-8f68-bf0ba8f3379e" testName="gtas_vpp_be.Tests.Domain.PeriodCalculatorTests.IsDeadlinePassed_FollowsBusinessRule(nowIso: &quot;2026-04-15 12:00:00&quot;, year: 2025, month: 12, expected: True)" computerName="MKGAME" duration="00:00:00.0000045" startTime="2026-07-13T10:09:19.4202621+07:00" endTime="2026-07-13T10:09:19.4203114+07:00" testType="13cdc9d9-ddb5-4fa4-a97d-d965ccfc6d4b" outcome="Passed" testListId="8c84fa94-04c1-424b-9868-57a2d4851a1d" relativeResultsDirectory="bfa68ea5-8027-47e5-ad39-cf29e11fdfc0" />
    <UnitTestResult executionId="59880228-0b5f-4057-b4f8-4b75804aa168" testId="b319f4f6-38f5-72c0-c11a-3d5fe1f75ff9" testName="gtas_vpp_be.Tests.UI.StatusDisplayTests.GetText_WithCulture_ReturnsVietnameseLabels(status: 1, isDeadlinePassed: False, isAdditionalOrder: False, expected: &quot;Đã gửi&quot;)" computerName="MKGAME" duration="00:00:00.0003166" startTime="2026-07-13T10:09:19.4307174+07:00" endTime="2026-07-13T10:09:19.4307654+07:00" testType="13cdc9d9-ddb5-4fa4-a97d-d965ccfc6d4b" outcome="Passed" testListId="8c84fa94-04c1-424b-9868-57a2d4851a1d" relativeResultsDirectory="59880228-0b5f-4057-b4f8-4b75804aa168" />
    <UnitTestResult executionId="a9728bab-ce3a-41c4-9816-b77793e897cf" testId="33549462-4d07-4690-6036-e7dcbd11128b" testName="gtas_vpp_be.Tests.VPPRequestTests.VPPRequestServiceTests.ValidateItems_NonPositiveQuantity_ThrowsInvalidOperationException" computerName="MKGAME" duration="00:00:00.0004674" startTime="2026-07-13T10:09:19.3749848+07:00" endTime="2026-07-13T10:09:19.3753240+07:00" testType="13cdc9d9-ddb5-4fa4-a97d-d965ccfc6d4b" outcome="Passed" testListId="8c84fa94-04c1-424b-9868-57a2d4851a1d" relativeResultsDirectory="a9728bab-ce3a-41c4-9816-b77793e897cf" />
    <UnitTestResult executionId="d1f01152-ead2-4ddb-bfbf-7580c0918a24" testId="e9f85383-3444-f4cc-d422-dc1b9c416aa3" testName="gtas_vpp_be.Tests.PriceListTests.PriceListServiceTests.Delete_ListWithMappings_Throws" computerName="MKGAME" duration="00:00:02.2505192" startTime="2026-07-13T10:09:16.7370964+07:00" endTime="2026-07-13T10:09:18.9771193+07:00" testType="13cdc9d9-ddb5-4fa4-a97d-d965ccfc6d4b" outcome="Passed" testListId="8c84fa94-04c1-424b-9868-57a2d4851a1d" relativeResultsDirectory="d1f01152-ead2-4ddb-bfbf-7580c0918a24" />
    <UnitTestResult executionId="5e5c4581-75be-4071-bac1-9a8253b2adfc" testId="6dcd3eec-8286-c0d6-a64e-b4337093c07f" testName="gtas_vpp_be.Tests.PriceListTests.PriceListServiceTests.Delete_DefaultList_Throws" computerName="MKGAME" duration="00:00:00.0124879" startTime="2026-07-13T10:09:19.0576235+07:00" endTime="2026-07-13T10:09:19.0700044+07:00" testType="13cdc9d9-ddb5-4fa4-a97d-d965ccfc6d4b" outcome="Passed" testListId="8c84fa94-04c1-424b-9868-57a2d4851a1d" relativeResultsDirectory="5e5c4581-75be-4071-bac1-9a8253b2adfc" />
    <UnitTestResult executionId="6de45a68-8d31-4817-aaee-e0fed74fbcb4" testId="a8ab3503-c127-8dca-d339-603dbb9385ad" testName="gtas_vpp_be.Tests.Domain.PeriodCalculatorTests.Constructor_RejectsInvalidDeadlineDay(day: 31)" computerName="MKGAME" duration="00:00:00.0001572" startTime="2026-07-13T10:09:19.4255540+07:00" endTime="2026-07-13T10:09:19.4256011+07:00" testType="13cdc9d9-ddb5-4fa4-a97d-d965ccfc6d4b" outcome="Passed" testListId="8c84fa94-04c1-424b-9868-57a2d4851a1d" relativeResultsDirectory="6de45a68-8d31-4817-aaee-e0fed74fbcb4" />
    <UnitTestResult executionId="2923b8f0-82c5-4c03-8450-ecfb0a3784f2" testId="401d9475-634b-03f4-6cd3-f10f0a000cea" testName="gtas_vpp_be.Tests.MiddlewareTests.ExceptionHandlingMiddlewareTests.InvokeAsync_Exception_MapsToProblemDetails(exception: System.UnauthorizedAccessException: forbidden, expectedStatus: 403, expectedTitle: &quot;Forbidden&quot;)" computerName="MKGAME" duration="00:00:00.0127502" startTime="2026-07-13T10:09:19.3759671+07:00" endTime="2026-07-13T10:09:19.3887041+07:00" testType="13cdc9d9-ddb5-4fa4-a97d-d965ccfc6d4b" outcome="Passed" testListId="8c84fa94-04c1-424b-9868-57a2d4851a1d" relativeResultsDirectory="2923b8f0-82c5-4c03-8450-ecfb0a3784f2" />
    <UnitTestResult executionId="7e6ac5c3-1201-4035-981f-c59a7c5a85fd" testId="3fdb7538-f1b5-7fc3-5172-2692a595fa4d" testName="gtas_vpp_be.Tests.Domain.OrderStateMachineTests.Transition_InvalidCombination_ThrowsInvalidOperationException(fromStatus: 7, action: Approve)" computerName="MKGAME" duration="00:00:00.0000149" startTime="2026-07-13T10:09:19.0509933+07:00" endTime="2026-07-13T10:09:19.0510472+07:00" testType="13cdc9d9-ddb5-4fa4-a97d-d965ccfc6d4b" outcome="Passed" testListId="8c84fa94-04c1-424b-9868-57a2d4851a1d" relativeResultsDirectory="7e6ac5c3-1201-4035-981f-c59a7c5a85fd" />
    <UnitTestResult executionId="a591389e-f631-4a66-a62c-a243ea362af1" testId="791ab8b4-f63f-4245-14d9-08ddb3f270f1" testName="gtas_vpp_be.Tests.LibraryTests.LibraryControllerTests.GenericGet_SupplierTable_FiltersOutDeletedSuppliers" computerName="MKGAME" duration="00:00:01.8921364" startTime="2026-07-13T10:09:17.4877125+07:00" endTime="2026-07-13T10:09:19.3793678+07:00" testType="13cdc9d9-ddb5-4fa4-a97d-d965ccfc6d4b" outcome="Passed" testListId="8c84fa94-04c1-424b-9868-57a2d4851a1d" relativeResultsDirectory="a591389e-f631-4a66-a62c-a243ea362af1" />
    <UnitTestResult executionId="d3423958-3295-4565-9e63-25940b6dd35a" testId="98aea6c0-679b-0c2c-5d7a-612e563529c8" testName="gtas_vpp_be.Tests.PriceListTests.PriceListServiceTests.Create_DefaultTrue_DemotesPrevious" computerName="MKGAME" duration="00:00:00.0785098" startTime="2026-07-13T10:09:18.9787387+07:00" endTime="2026-07-13T10:09:19.0574250+07:00" testType="13cdc9d9-ddb5-4fa4-a97d-d965ccfc6d4b" outcome="Passed" testListId="8c84fa94-04c1-424b-9868-57a2d4851a1d" relativeResultsDirectory="d3423958-3295-4565-9e63-25940b6dd35a" />
    <UnitTestResult executionId="8dbfa5e4-dd18-4f6b-b1d3-7a66e21dfdb8" testId="64873b16-9eb6-a09f-a63f-f969c844c855" testName="gtas_vpp_be.Tests.Domain.PeriodCalculatorTests.IsDeadlinePassed_FollowsBusinessRule(nowIso: &quot;2026-04-05 00:00:00&quot;, year: 2026, month: 3, expected: True)" computerName="MKGAME" duration="00:00:00.0000146" startTime="2026-07-13T10:09:19.4199717+07:00" endTime="2026-07-13T10:09:19.4200286+07:00" testType="13cdc9d9-ddb5-4fa4-a97d-d965ccfc6d4b" outcome="Passed" testListId="8c84fa94-04c1-424b-9868-57a2d4851a1d" relativeResultsDirectory="8dbfa5e4-dd18-4f6b-b1d3-7a66e21dfdb8" />
    <UnitTestResult executionId="be1895c5-2e05-4356-a984-08b394b098e0" testId="21567e26-c748-ad62-485c-4ef330565ed9" testName="gtas_vpp_be.Tests.UI.StatusDisplayTests.GetBadgeStyleName_ReturnsExpectedEnumName(status: 7, expected: &quot;Success&quot;)" computerName="MKGAME" duration="00:00:00.0000039" startTime="2026-07-13T10:09:19.4300327+07:00" endTime="2026-07-13T10:09:19.4300860+07:00" testType="13cdc9d9-ddb5-4fa4-a97d-d965ccfc6d4b" outcome="Passed" testListId="8c84fa94-04c1-424b-9868-57a2d4851a1d" relativeResultsDirectory="be1895c5-2e05-4356-a984-08b394b098e0" />
    <UnitTestResult executionId="c192fa1c-1c83-4ee2-a338-4fc22bdf3844" testId="2c592748-e885-b86f-af9e-3b00c69598d6" testName="gtas_vpp_be.Tests.UI.StatusDisplayTests.GetText_ReturnsExpectedLabel(status: 7, expected: &quot;Approved&quot;)" computerName="MKGAME" duration="00:00:00.0000022" startTime="2026-07-13T10:09:19.4324212+07:00" endTime="2026-07-13T10:09:19.4324711+07:00" testType="13cdc9d9-ddb5-4fa4-a97d-d965ccfc6d4b" outcome="Passed" testListId="8c84fa94-04c1-424b-9868-57a2d4851a1d" relativeResultsDirectory="c192fa1c-1c83-4ee2-a338-4fc22bdf3844" />
    <UnitTestResult executionId="1d0bff7e-224e-42ca-9e55-022d0d2a99fe" testId="59204dd5-3106-64b8-0580-8caf82ae3c72" testName="gtas_vpp_be.Tests.PriceListTests.PriceListServiceTests.Update_PromoteToDefault_DemotesPrevious" computerName="MKGAME" duration="00:00:00.0182733" startTime="2026-07-13T10:09:19.0702155+07:00" endTime="2026-07-13T10:09:19.0883700+07:00" testType="13cdc9d9-ddb5-4fa4-a97d-d965ccfc6d4b" outcome="Passed" testListId="8c84fa94-04c1-424b-9868-57a2d4851a1d" relativeResultsDirectory="1d0bff7e-224e-42ca-9e55-022d0d2a99fe" />
    <UnitTestResult executionId="06d45cea-a336-4a47-acb0-b62844d2e623" testId="7aa1cae8-8fd0-d61c-5d76-743732658b03" testName="gtas_vpp_be.Tests.Domain.PeriodCalculatorTests.Current_And_Previous_Match_BusinessRule(nowIso: &quot;2026-05-04 23:59:59&quot;, expectedCurrentYear: 2026, expectedCurrentMonth: 4, expectedPreviousYear: 2026, expectedPreviousMonth: 3)" computerName="MKGAME" duration="00:00:00.0000055" startTime="2026-07-13T10:09:19.4248293+07:00" endTime="2026-07-13T10:09:19.4248779+07:00" testType="13cdc9d9-ddb5-4fa4-a97d-d965ccfc6d4b" outcome="Passed" testListId="8c84fa94-04c1-424b-9868-57a2d4851a1d" relativeResultsDirectory="06d45cea-a336-4a47-acb0-b62844d2e623" />
    <UnitTestResult executionId="5af1ef20-6906-484f-a668-9faee446991d" testId="e86680bc-80a0-f327-463c-720b72dd0a5d" testName="gtas_vpp_be.Tests.UI.StatusDisplayTests.GetBadgeStyleName_ReturnsExpectedEnumName(status: 6, expected: &quot;Warning&quot;)" computerName="MKGAME" duration="00:00:00.0000020" startTime="2026-07-13T10:09:19.4304632+07:00" endTime="2026-07-13T10:09:19.4305676+07:00" testType="13cdc9d9-ddb5-4fa4-a97d-d965ccfc6d4b" outcome="Passed" testListId="8c84fa94-04c1-424b-9868-57a2d4851a1d" relativeResultsDirectory="5af1ef20-6906-484f-a668-9faee446991d" />
    <UnitTestResult executionId="128e6a95-0158-4317-8fc0-2ae577268fff" testId="13001475-c73e-7ee6-1ce4-db3f9ecc1514" testName="gtas_vpp_be.Tests.ControllerTests.VPPRequestControllerTests.GetMyOrders_ValidUser_ReturnsOk" computerName="MKGAME" duration="00:00:00.0039514" startTime="2026-07-13T10:09:18.5907326+07:00" endTime="2026-07-13T10:09:18.5963018+07:00" testType="13cdc9d9-ddb5-4fa4-a97d-d965ccfc6d4b" outcome="Passed" testListId="8c84fa94-04c1-424b-9868-57a2d4851a1d" relativeResultsDirectory="128e6a95-0158-4317-8fc0-2ae577268fff" />
    <UnitTestResult executionId="6e86963b-37d4-42e6-a2f2-a9ee03a98c84" testId="20b9de48-9823-fa99-17cc-7749d271cab8" testName="gtas_vpp_be.Tests.PriceListTests.PriceListServiceTests.SetDefault_FlipsDefaultBetweenLists" computerName="MKGAME" duration="00:00:00.0094583" startTime="2026-07-13T10:09:19.0885769+07:00" endTime="2026-07-13T10:09:19.0979121+07:00" testType="13cdc9d9-ddb5-4fa4-a97d-d965ccfc6d4b" outcome="Passed" testListId="8c84fa94-04c1-424b-9868-57a2d4851a1d" relativeResultsDirectory="6e86963b-37d4-42e6-a2f2-a9ee03a98c84" />
    <UnitTestResult executionId="2a82ffb9-936a-44d8-9188-1340bd5d8129" testId="7bf59ce6-0019-169c-2a88-6057522a1eed" testName="gtas_vpp_be.Tests.VPPPriceTests.VPPPriceServiceTests.ListBySupplier_FiltersCorrectly" computerName="MKGAME" duration="00:00:00.0476106" startTime="2026-07-13T10:09:19.3561990+07:00" endTime="2026-07-13T10:09:19.4033614+07:00" testType="13cdc9d9-ddb5-4fa4-a97d-d965ccfc6d4b" outcome="Passed" testListId="8c84fa94-04c1-424b-9868-57a2d4851a1d" relativeResultsDirectory="2a82ffb9-936a-44d8-9188-1340bd5d8129" />
    <UnitTestResult executionId="a883bb0e-8d6f-407f-8583-0e036898ab90" testId="484a8f1f-5c77-4ecc-0cff-b226b701393c" testName="gtas_vpp_be.Tests.PeriodSettlementTests.PeriodSettlementServiceTests.Settle_SkipsCancelledAndRejected" computerName="MKGAME" duration="00:00:00.0190637" startTime="2026-07-13T10:09:19.5037728+07:00" endTime="2026-07-13T10:09:19.5227655+07:00" testType="13cdc9d9-ddb5-4fa4-a97d-d965ccfc6d4b" outcome="Passed" testListId="8c84fa94-04c1-424b-9868-57a2d4851a1d" relativeResultsDirectory="a883bb0e-8d6f-407f-8583-0e036898ab90" />
    <UnitTestResult executionId="bcb0b9c7-0bd1-4e7d-a181-57a17bbe18eb" testId="e33ec94f-5ae7-69cf-5b8f-7211c5fbc5c8" testName="gtas_vpp_be.Tests.UI.StatusDisplayTests.GetText_ReturnsExpectedLabel(status: 8, expected: &quot;Rejected&quot;)" computerName="MKGAME" duration="00:00:00.0000020" startTime="2026-07-13T10:09:19.4325626+07:00" endTime="2026-07-13T10:09:19.4326097+07:00" testType="13cdc9d9-ddb5-4fa4-a97d-d965ccfc6d4b" outcome="Passed" testListId="8c84fa94-04c1-424b-9868-57a2d4851a1d" relativeResultsDirectory="bcb0b9c7-0bd1-4e7d-a181-57a17bbe18eb" />
    <UnitTestResult executionId="09c154e0-ace7-4751-931e-b6846940efc6" testId="51f4bb65-7331-2975-d9b9-3a492158f31d" testName="gtas_vpp_be.Tests.Domain.OrderStateMachineTests.Transition_InvalidCombination_ThrowsInvalidOperationException(fromStatus: 1, action: Approve)" computerName="MKGAME" duration="00:00:00.0000110" startTime="2026-07-13T10:09:19.0519728+07:00" endTime="2026-07-13T10:09:19.0520245+07:00" testType="13cdc9d9-ddb5-4fa4-a97d-d965ccfc6d4b" outcome="Passed" testListId="8c84fa94-04c1-424b-9868-57a2d4851a1d" relativeResultsDirectory="09c154e0-ace7-4751-931e-b6846940efc6" />
    <UnitTestResult executionId="f5183436-44a5-4b09-b430-9eda7c35a825" testId="401d9475-634b-03f4-6cd3-f10f0a000cea" testName="gtas_vpp_be.Tests.MiddlewareTests.ExceptionHandlingMiddlewareTests.InvokeAsync_Exception_MapsToProblemDetails(exception: System.Exception: broken, expectedStatus: 500, expectedTitle: &quot;Internal Server Error&quot;)" computerName="MKGAME" duration="00:00:00.0078486" startTime="2026-07-13T10:09:19.3984291+07:00" endTime="2026-07-13T10:09:19.4062126+07:00" testType="13cdc9d9-ddb5-4fa4-a97d-d965ccfc6d4b" outcome="Passed" testListId="8c84fa94-04c1-424b-9868-57a2d4851a1d" relativeResultsDirectory="f5183436-44a5-4b09-b430-9eda7c35a825" />
    <UnitTestResult executionId="e83c4895-e6f6-45ee-8bf2-3662bff0b35d" testId="52528005-2d4b-4e06-2584-41d103130981" testName="gtas_vpp_be.Tests.UI.StatusDisplayTests.GetBadgeStyleName_ReturnsExpectedEnumName(status: 8, expected: &quot;Danger&quot;)" computerName="MKGAME" duration="00:00:00.0001624" startTime="2026-07-13T10:09:19.4298580+07:00" endTime="2026-07-13T10:09:19.4299189+07:00" testType="13cdc9d9-ddb5-4fa4-a97d-d965ccfc6d4b" outcome="Passed" testListId="8c84fa94-04c1-424b-9868-57a2d4851a1d" relativeResultsDirectory="e83c4895-e6f6-45ee-8bf2-3662bff0b35d" />
    <UnitTestResult executionId="6023d73a-8ae9-435b-aab9-28e0c596e271" testId="9c34ad79-5b72-0d74-d8fb-d1a41763fce0" testName="gtas_vpp_be.Tests.VPPRequestTests.CreateOrderRaceConditionTests.CreateOrder_DuplicateRegularDifferentPeriod_BothSucceed" computerName="MKGAME" duration="00:00:01.7594275" startTime="2026-07-13T10:09:18.5689162+07:00" endTime="2026-07-13T10:09:20.3282313+07:00" testType="13cdc9d9-ddb5-4fa4-a97d-d965ccfc6d4b" outcome="Passed" testListId="8c84fa94-04c1-424b-9868-57a2d4851a1d" relativeResultsDirectory="6023d73a-8ae9-435b-aab9-28e0c596e271" />
    <UnitTestResult executionId="cc2004d0-d163-4e17-ae4b-e6b710141d9c" testId="6a58d4de-bd1b-ffac-a8ab-05cf58519761" testName="gtas_vpp_be.Tests.BaseServicesTests.CrudOperationsTests.UpdateAsync_ExistingEntity_UpdatesEntityInDatabase" computerName="MKGAME" duration="00:00:00.0029882" startTime="2026-07-13T10:09:19.3999284+07:00" endTime="2026-07-13T10:09:19.4031206+07:00" testType="13cdc9d9-ddb5-4fa4-a97d-d965ccfc6d4b" outcome="Passed" testListId="8c84fa94-04c1-424b-9868-57a2d4851a1d" relativeResultsDirectory="cc2004d0-d163-4e17-ae4b-e6b710141d9c" />
    <UnitTestResult executionId="0000a066-1cb2-4c63-b590-6c8488802cb9" testId="5451c12c-5622-210d-8b0f-478019944724" testName="gtas_vpp_be.Tests.Domain.OrderStateMachineTests.Transition_InvalidCombination_ThrowsInvalidOperationException(fromStatus: 8, action: Reject)" computerName="MKGAME" duration="00:00:00.0000118" startTime="2026-07-13T10:09:19.0514438+07:00" endTime="2026-07-13T10:09:19.0514940+07:00" testType="13cdc9d9-ddb5-4fa4-a97d-d965ccfc6d4b" outcome="Passed" testListId="8c84fa94-04c1-424b-9868-57a2d4851a1d" relativeResultsDirectory="0000a066-1cb2-4c63-b590-6c8488802cb9" />
    <UnitTestResult executionId="085d3db7-8c0c-42d9-950a-c6c264fe2f8d" testId="121de143-dc61-73ab-b911-608ffc4ff650" testName="gtas_vpp_be.Tests.VPPCodeGeneratorTests.GenerateVPPCode_ValidInput_DoesNotContainUserId" computerName="MKGAME" duration="00:00:00.0027965" startTime="2026-07-13T10:09:19.4074961+07:00" endTime="2026-07-13T10:09:19.4097807+07:00" testType="13cdc9d9-ddb5-4fa4-a97d-d965ccfc6d4b" outcome="Passed" testListId="8c84fa94-04c1-424b-9868-57a2d4851a1d" relativeResultsDirectory="085d3db7-8c0c-42d9-950a-c6c264fe2f8d" />
    <UnitTestResult executionId="52671679-79e8-4da7-96c2-b4e6bedb4885" testId="6e73a76f-de9f-445f-6882-e446f7a9db1c" testName="gtas_vpp_be.Tests.PeriodSettlementTests.PeriodSettlementServiceTests.Settle_NullPriceListId_FallsBackToDefault" computerName="MKGAME" duration="00:00:00.0041167" startTime="2026-07-13T10:09:19.5684576+07:00" endTime="2026-07-13T10:09:19.5724694+07:00" testType="13cdc9d9-ddb5-4fa4-a97d-d965ccfc6d4b" outcome="Passed" testListId="8c84fa94-04c1-424b-9868-57a2d4851a1d" relativeResultsDirectory="52671679-79e8-4da7-96c2-b4e6bedb4885" />
    <UnitTestResult executionId="b5462638-6fad-4238-863d-cc7afa5e6942" testId="e9f3131e-1ed5-3428-baf2-8a1788fba11b" testName="gtas_vpp_be.Tests.UI.StatusDisplayTests.GetText_ReturnsExpectedLabel(status: 1, expected: &quot;Submitted&quot;)" computerName="MKGAME" duration="00:00:00.0000023" startTime="2026-07-13T10:09:19.4322856+07:00" endTime="2026-07-13T10:09:19.4323324+07:00" testType="13cdc9d9-ddb5-4fa4-a97d-d965ccfc6d4b" outcome="Passed" testListId="8c84fa94-04c1-424b-9868-57a2d4851a1d" relativeResultsDirectory="b5462638-6fad-4238-863d-cc7afa5e6942" />
    <UnitTestResult executionId="ee989dda-9890-4b05-8472-c005fa862749" testId="533ddf97-36e2-adb0-fda7-aa077a625926" testName="gtas_vpp_be.Tests.Domain.OrderStateMachineTests.Transition_InvalidCombination_ThrowsInvalidOperationException(fromStatus: 4, action: Approve)" computerName="MKGAME" duration="00:00:00.0000174" startTime="2026-07-13T10:09:19.0533082+07:00" endTime="2026-07-13T10:09:19.0533558+07:00" testType="13cdc9d9-ddb5-4fa4-a97d-d965ccfc6d4b" outcome="Passed" testListId="8c84fa94-04c1-424b-9868-57a2d4851a1d" relativeResultsDirectory="ee989dda-9890-4b05-8472-c005fa862749" />
    <UnitTestResult executionId="5f47e018-ed1b-4b5a-a2a0-1b6e77bad533" testId="1c22d22e-2335-cd60-b624-67a8a0a16f79" testName="gtas_vpp_be.Tests.VPPRequestTests.VPPRequestServiceTests.ValidateItems_EmptyItems_ThrowsInvalidOperationException" computerName="MKGAME" duration="00:00:00.0002648" startTime="2026-07-13T10:09:19.4448885+07:00" endTime="2026-07-13T10:09:19.4450538+07:00" testType="13cdc9d9-ddb5-4fa4-a97d-d965ccfc6d4b" outcome="Passed" testListId="8c84fa94-04c1-424b-9868-57a2d4851a1d" relativeResultsDirectory="5f47e018-ed1b-4b5a-a2a0-1b6e77bad533" />
    <UnitTestResult executionId="93494d0d-f500-4cea-90d8-f133ad78abd0" testId="d4359438-1f8e-2796-5c2e-78d146c4053f" testName="gtas_vpp_be.Tests.UI.StatusDisplayTests.GetCssClass_ReturnsExpectedClass(status: 8, expected: &quot;vpp-badge-rejected&quot;)" computerName="MKGAME" duration="00:00:00.0000020" startTime="2026-07-13T10:09:19.4287132+07:00" endTime="2026-07-13T10:09:19.4287607+07:00" testType="13cdc9d9-ddb5-4fa4-a97d-d965ccfc6d4b" outcome="Passed" testListId="8c84fa94-04c1-424b-9868-57a2d4851a1d" relativeResultsDirectory="93494d0d-f500-4cea-90d8-f133ad78abd0" />
    <UnitTestResult executionId="daad267b-3b9c-4072-80fb-e2b04c94415b" testId="93f93c1b-2a8f-1eaa-8be8-26a0ab2bdfa7" testName="gtas_vpp_be.Tests.UI.StatusDisplayTests.GetText_WithCulture_ReturnsVietnameseLabels(status: 1, isDeadlinePassed: True, isAdditionalOrder: False, expected: &quot;Đã gửi (đã khóa kỳ)&quot;)" computerName="MKGAME" duration="00:00:00.0002414" startTime="2026-07-13T10:09:19.4308571+07:00" endTime="2026-07-13T10:09:19.4309073+07:00" testType="13cdc9d9-ddb5-4fa4-a97d-d965ccfc6d4b" outcome="Passed" testListId="8c84fa94-04c1-424b-9868-57a2d4851a1d" relativeResultsDirectory="daad267b-3b9c-4072-80fb-e2b04c94415b" />
    <UnitTestResult executionId="720f507d-7a1d-4110-81f6-8d44a6d47570" testId="984723c5-fa02-ce8c-0a37-f5426c106fe0" testName="gtas_vpp_be.Tests.Domain.OrderStateMachineTests.Transition_InvalidCombination_ThrowsInvalidOperationException(fromStatus: 4, action: Update)" computerName="MKGAME" duration="00:00:00.0000149" startTime="2026-07-13T10:09:19.0518195+07:00" endTime="2026-07-13T10:09:19.0518761+07:00" testType="13cdc9d9-ddb5-4fa4-a97d-d965ccfc6d4b" outcome="Passed" testListId="8c84fa94-04c1-424b-9868-57a2d4851a1d" relativeResultsDirectory="720f507d-7a1d-4110-81f6-8d44a6d47570" />
    <UnitTestResult executionId="ffd8dc8e-b36b-4529-b74c-8cfe96b15cdf" testId="6ab3f93d-f6a9-8ebb-4a69-2bd68f9588ec" testName="gtas_vpp_be.Tests.VPPRequestTests.VPPRequestServiceTests.CreateOrderAsync_RegularOrder_CreatesSubmittedHeader" computerName="MKGAME" duration="00:00:00.0044070" startTime="2026-07-13T10:09:19.3754973+07:00" endTime="2026-07-13T10:09:19.3797784+07:00" testType="13cdc9d9-ddb5-4fa4-a97d-d965ccfc6d4b" outcome="Passed" testListId="8c84fa94-04c1-424b-9868-57a2d4851a1d" relativeResultsDirectory="ffd8dc8e-b36b-4529-b74c-8cfe96b15cdf" />
    <UnitTestResult executionId="f31211e3-5564-400c-8a03-30f15d74f291" testId="ca8d9140-079e-620f-2102-d8afcce849f8" testName="gtas_vpp_be.Tests.VPPRequestTests.VPPRequestServiceTests.GetCurrentPeriodInfoAsync_CurrentPeriodUsesNextMonthDeadline" computerName="MKGAME" duration="00:00:02.3742580" startTime="2026-07-13T10:09:16.5993837+07:00" endTime="2026-07-13T10:09:18.9772606+07:00" testType="13cdc9d9-ddb5-4fa4-a97d-d965ccfc6d4b" outcome="Passed" testListId="8c84fa94-04c1-424b-9868-57a2d4851a1d" relativeResultsDirectory="f31211e3-5564-400c-8a03-30f15d74f291" />
    <UnitTestResult executionId="e5907092-546a-443e-9f51-a904d40d3a2a" testId="f9ff0d69-9d21-429d-e219-15bae3f110f9" testName="gtas_vpp_be.Tests.VPPRequestTests.VPPRequestServiceTests.ValidateItems_NullItems_ThrowsInvalidOperationException" computerName="MKGAME" duration="00:00:00.0008166" startTime="2026-07-13T10:09:19.3741950+07:00" endTime="2026-07-13T10:09:19.3747998+07:00" testType="13cdc9d9-ddb5-4fa4-a97d-d965ccfc6d4b" outcome="Passed" testListId="8c84fa94-04c1-424b-9868-57a2d4851a1d" relativeResultsDirectory="e5907092-546a-443e-9f51-a904d40d3a2a" />
    <UnitTestResult executionId="939f0aa0-b5f9-41ab-b3e4-9fd50363aef6" testId="89a92042-ce86-c53d-dbf1-5cb7fa8d86f4" testName="gtas_vpp_be.Tests.Domain.PeriodCalculatorTests.IsDeadlinePassed_FollowsBusinessRule(nowIso: &quot;2026-04-15 12:00:00&quot;, year: 2026, month: 12, expected: False)" computerName="MKGAME" duration="00:00:00.0025992" startTime="2026-07-13T10:09:19.4176288+07:00" endTime="2026-07-13T10:09:19.4196455+07:00" testType="13cdc9d9-ddb5-4fa4-a97d-d965ccfc6d4b" outcome="Passed" testListId="8c84fa94-04c1-424b-9868-57a2d4851a1d" relativeResultsDirectory="939f0aa0-b5f9-41ab-b3e4-9fd50363aef6" />
    <UnitTestResult executionId="892d520b-eeaf-41e8-9cd5-d7415a47a4c7" testId="e537c647-dfcc-538e-fd69-40fd208f623c" testName="gtas_vpp_be.Tests.Domain.PeriodCalculatorTests.Constructor_RejectsInvalidDeadlineDay(day: 29)" computerName="MKGAME" duration="00:00:00.0000116" startTime="2026-07-13T10:09:19.4256865+07:00" endTime="2026-07-13T10:09:19.4257314+07:00" testType="13cdc9d9-ddb5-4fa4-a97d-d965ccfc6d4b" outcome="Passed" testListId="8c84fa94-04c1-424b-9868-57a2d4851a1d" relativeResultsDirectory="892d520b-eeaf-41e8-9cd5-d7415a47a4c7" />
    <UnitTestResult executionId="04d13e4c-5d8f-4e99-831d-7250fc3ac009" testId="eafce870-d969-1e81-5560-c81cce7aac7d" testName="gtas_vpp_be.Tests.PeriodSettlementTests.PeriodSettlementServiceTests.Settle_HappyPath_UpdatesAllDetailPrices_AndStampsHeader" computerName="MKGAME" duration="00:00:00.0262957" startTime="2026-07-13T10:09:19.5337152+07:00" endTime="2026-07-13T10:09:19.5598844+07:00" testType="13cdc9d9-ddb5-4fa4-a97d-d965ccfc6d4b" outcome="Passed" testListId="8c84fa94-04c1-424b-9868-57a2d4851a1d" relativeResultsDirectory="04d13e4c-5d8f-4e99-831d-7250fc3ac009" />
    <UnitTestResult executionId="bd5095df-53cb-4380-82b4-94f554766528" testId="cdc0c4e9-4fbb-6df5-592e-6819240041d0" testName="gtas_vpp_be.Tests.Domain.OrderStateMachineTests.Transition_ValidCombination_ReturnsExpectedStatus(fromStatus: 1, action: Update, expectedStatus: 1)" computerName="MKGAME" duration="00:00:00.0000022" startTime="2026-07-13T10:09:19.0486535+07:00" endTime="2026-07-13T10:09:19.0487050+07:00" testType="13cdc9d9-ddb5-4fa4-a97d-d965ccfc6d4b" outcome="Passed" testListId="8c84fa94-04c1-424b-9868-57a2d4851a1d" relativeResultsDirectory="bd5095df-53cb-4380-82b4-94f554766528" />
    <UnitTestResult executionId="01f104b6-1fef-4bed-bedf-e85b76124adf" testId="1bcb6004-6d19-f180-1dd9-5070429aea83" testName="gtas_vpp_be.Tests.UI.StatusDisplayTests.GetBadgeStyleName_ReturnsExpectedEnumName(status: 0, expected: &quot;Light&quot;)" computerName="MKGAME" duration="00:00:00.0000020" startTime="2026-07-13T10:09:19.4303177+07:00" endTime="2026-07-13T10:09:19.4303685+07:00" testType="13cdc9d9-ddb5-4fa4-a97d-d965ccfc6d4b" outcome="Passed" testListId="8c84fa94-04c1-424b-9868-57a2d4851a1d" relativeResultsDirectory="01f104b6-1fef-4bed-bedf-e85b76124adf" />
    <UnitTestResult executionId="0df3a441-f97c-44c3-972e-c8310c591587" testId="54578713-5db8-7122-6094-5e24fd73b480" testName="gtas_vpp_be.Tests.Domain.OrderStateMachineTests.Transition_ValidCombination_ReturnsExpectedStatus(fromStatus: 6, action: Approve, expectedStatus: 7)" computerName="MKGAME" duration="00:00:00.0002275" startTime="2026-07-13T10:09:19.0480881+07:00" endTime="2026-07-13T10:09:19.0482257+07:00" testType="13cdc9d9-ddb5-4fa4-a97d-d965ccfc6d4b" outcome="Passed" testListId="8c84fa94-04c1-424b-9868-57a2d4851a1d" relativeResultsDirectory="0df3a441-f97c-44c3-972e-c8310c591587" />
    <UnitTestResult executionId="6d0de86c-90e3-492a-a84a-2c9df67c3ce4" testId="81873ac9-a76f-aa39-d7b3-432e3db948b2" testName="gtas_vpp_be.Tests.BaseServicesTests.CrudOperationsTests.AddAsync_ValidEntity_AddsEntityToDatabase" computerName="MKGAME" duration="00:00:00.0200557" startTime="2026-07-13T10:09:19.3796549+07:00" endTime="2026-07-13T10:09:19.3996341+07:00" testType="13cdc9d9-ddb5-4fa4-a97d-d965ccfc6d4b" outcome="Passed" testListId="8c84fa94-04c1-424b-9868-57a2d4851a1d" relativeResultsDirectory="6d0de86c-90e3-492a-a84a-2c9df67c3ce4" />
    <UnitTestResult executionId="1cb5721a-de1e-4696-b4bc-262f6cf296c6" testId="9b3cbc0f-c0ac-dda7-d2c2-90da9301480a" testName="gtas_vpp_be.Tests.UI.StatusDisplayTests.GetCssClass_ReturnsExpectedClass(status: 4, expected: &quot;vpp-badge-cancelled&quot;)" computerName="MKGAME" duration="00:00:00.0001796" startTime="2026-07-13T10:09:19.4282912+07:00" endTime="2026-07-13T10:09:19.4283434+07:00" testType="13cdc9d9-ddb5-4fa4-a97d-d965ccfc6d4b" outcome="Passed" testListId="8c84fa94-04c1-424b-9868-57a2d4851a1d" relativeResultsDirectory="1cb5721a-de1e-4696-b4bc-262f6cf296c6" />
    <UnitTestResult executionId="17b737ff-e604-4590-bcf4-cef8c50f1cf7" testId="500c3459-7f6e-c8c7-be44-0be05025dde5" testName="gtas_vpp_be.Tests.Domain.PeriodCalculatorTests.IsDeadlinePassed_FollowsBusinessRule(nowIso: &quot;2026-04-05 00:00:01&quot;, year: 2026, month: 3, expected: True)" computerName="MKGAME" duration="00:00:00.0000067" startTime="2026-07-13T10:09:19.4201240+07:00" endTime="2026-07-13T10:09:19.4201718+07:00" testType="13cdc9d9-ddb5-4fa4-a97d-d965ccfc6d4b" outcome="Passed" testListId="8c84fa94-04c1-424b-9868-57a2d4851a1d" relativeResultsDirectory="17b737ff-e604-4590-bcf4-cef8c50f1cf7" />
    <UnitTestResult executionId="a161536d-a578-42e8-936b-5487dbdc605c" testId="3b60de71-126a-17c7-7637-d340f4fbd69e" testName="gtas_vpp_be.Tests.UI.StatusDisplayTests.GetBadgeStyleName_ReturnsExpectedEnumName(status: 4, expected: &quot;Danger&quot;)" computerName="MKGAME" duration="00:00:00.0001599" startTime="2026-07-13T10:09:19.4290173+07:00" endTime="2026-07-13T10:09:19.4290630+07:00" testType="13cdc9d9-ddb5-4fa4-a97d-d965ccfc6d4b" outcome="Passed" testListId="8c84fa94-04c1-424b-9868-57a2d4851a1d" relativeResultsDirectory="a161536d-a578-42e8-936b-5487dbdc605c" />
    <UnitTestResult executionId="097fe41c-b4d6-4f95-813a-433fae8b2ce4" testId="90883288-75ab-8c27-7df3-735c6f8268ca" testName="gtas_vpp_be.Tests.Domain.PeriodCalculatorTests.Period_ToString_IsHumanReadable" computerName="MKGAME" duration="00:00:00.0001917" startTime="2026-07-13T10:09:19.4275045+07:00" endTime="2026-07-13T10:09:19.4275676+07:00" testType="13cdc9d9-ddb5-4fa4-a97d-d965ccfc6d4b" outcome="Passed" testListId="8c84fa94-04c1-424b-9868-57a2d4851a1d" relativeResultsDirectory="097fe41c-b4d6-4f95-813a-433fae8b2ce4" />
    <UnitTestResult executionId="bf88c970-dc1c-48e1-9869-ce2ce35ee8df" testId="0f313ecf-af78-6606-06e1-7e5e1cd96cc7" testName="gtas_vpp_be.Tests.VPPPriceTests.VPPPriceServiceTests.SetDefault_SwitchesDefaultBetweenSuppliers" computerName="MKGAME" duration="00:00:00.0248132" startTime="2026-07-13T10:09:19.3201620+07:00" endTime="2026-07-13T10:09:19.3448581+07:00" testType="13cdc9d9-ddb5-4fa4-a97d-d965ccfc6d4b" outcome="Passed" testListId="8c84fa94-04c1-424b-9868-57a2d4851a1d" relativeResultsDirectory="bf88c970-dc1c-48e1-9869-ce2ce35ee8df" />
    <UnitTestResult executionId="e4592e97-66c8-4ad8-bf12-e8dcb0c023a9" testId="4e073298-5075-6dd8-a6a2-457df3b1d48e" testName="gtas_vpp_be.Tests.VPPCodeGeneratorTests.GenerateVPPCode_1000Times_AllUnique" computerName="MKGAME" duration="00:00:00.0013847" startTime="2026-07-13T10:09:19.4148585+07:00" endTime="2026-07-13T10:09:19.4163430+07:00" testType="13cdc9d9-ddb5-4fa4-a97d-d965ccfc6d4b" outcome="Passed" testListId="8c84fa94-04c1-424b-9868-57a2d4851a1d" relativeResultsDirectory="e4592e97-66c8-4ad8-bf12-e8dcb0c023a9" />
    <UnitTestResult executionId="b146fe34-8411-411d-842a-c2feab3c5a10" testId="0fe974bc-f4c1-bc47-caec-a4400257cfe4" testName="gtas_vpp_be.Tests.VPPPriceTests.VPPPriceServiceTests.Create_FirstPriceWithIsDefaultTrue_Succeeds" computerName="MKGAME" duration="00:00:00.0104000" startTime="2026-07-13T10:09:19.3450659+07:00" endTime="2026-07-13T10:09:19.3553632+07:00" testType="13cdc9d9-ddb5-4fa4-a97d-d965ccfc6d4b" outcome="Passed" testListId="8c84fa94-04c1-424b-9868-57a2d4851a1d" relativeResultsDirectory="b146fe34-8411-411d-842a-c2feab3c5a10" />
    <UnitTestResult executionId="bf08d827-d863-49db-9a9a-06d7b8ee7482" testId="5d1b5928-8326-1f72-d8dc-2a0d1427da47" testName="gtas_vpp_be.Tests.UI.StatusDisplayTests.GetText_WithCulture_ReturnsEnglishLabels(status: 4, isDeadlinePassed: False, isAdditionalOrder: False, expected: &quot;Cancelled&quot;)" computerName="MKGAME" duration="00:00:00.0001010" startTime="2026-07-13T10:09:19.4328664+07:00" endTime="2026-07-13T10:09:19.4329158+07:00" testType="13cdc9d9-ddb5-4fa4-a97d-d965ccfc6d4b" outcome="Passed" testListId="8c84fa94-04c1-424b-9868-57a2d4851a1d" relativeResultsDirectory="bf08d827-d863-49db-9a9a-06d7b8ee7482" />
    <UnitTestResult executionId="186cfb70-b768-4bcf-a0f0-6928dec2e763" testId="9cad94b5-1455-a18c-28be-94b80b3cc05e" testName="gtas_vpp_be.Tests.Domain.PeriodCalculatorTests.IsDeadlinePassed_FollowsBusinessRule(nowIso: &quot;2026-04-04 23:59:59&quot;, year: 2026, month: 3, expected: False)" computerName="MKGAME" duration="00:00:00.0003420" startTime="2026-07-13T10:09:19.4198103+07:00" endTime="2026-07-13T10:09:19.4198701+07:00" testType="13cdc9d9-ddb5-4fa4-a97d-d965ccfc6d4b" outcome="Passed" testListId="8c84fa94-04c1-424b-9868-57a2d4851a1d" relativeResultsDirectory="186cfb70-b768-4bcf-a0f0-6928dec2e763" />
    <UnitTestResult executionId="05b22722-311b-4d8e-b750-c20afa4c9aa1" testId="e15c7488-0f6b-22f4-1666-f77baf50a7ae" testName="gtas_vpp_be.Tests.ControllerTests.AuthControllerTests.Login_TestServerInLiveOnlyEnvironment_ReturnsBadRequest" computerName="MKGAME" duration="00:00:00.0030237" startTime="2026-07-13T10:09:18.9095318+07:00" endTime="2026-07-13T10:09:18.9123543+07:00" testType="13cdc9d9-ddb5-4fa4-a97d-d965ccfc6d4b" outcome="Passed" testListId="8c84fa94-04c1-424b-9868-57a2d4851a1d" relativeResultsDirectory="05b22722-311b-4d8e-b750-c20afa4c9aa1" />
    <UnitTestResult executionId="8414e516-e436-4251-a18d-3a6c1ed01178" testId="46a93b2a-4578-241d-122d-57f1b5f0f321" testName="gtas_vpp_be.Tests.PeriodSettlementTests.PeriodSettlementServiceTests.Settle_BlockedByPendingAdditional_ThrowsConflict" computerName="MKGAME" duration="00:00:00.0025867" startTime="2026-07-13T10:09:19.5011219+07:00" endTime="2026-07-13T10:09:19.5036173+07:00" testType="13cdc9d9-ddb5-4fa4-a97d-d965ccfc6d4b" outcome="Passed" testListId="8c84fa94-04c1-424b-9868-57a2d4851a1d" relativeResultsDirectory="8414e516-e436-4251-a18d-3a6c1ed01178" />
    <UnitTestResult executionId="14b501be-bd2d-4e30-a2f0-d6f4e7382d30" testId="de412bde-326e-dd6a-1b41-621cb03a7ab7" testName="gtas_vpp_be.Tests.VPPCodeGeneratorTests.GenerateVPPCode_ValidInput_MatchesExpectedFormat" computerName="MKGAME" duration="00:00:00.0046964" startTime="2026-07-13T10:09:19.4131718+07:00" endTime="2026-07-13T10:09:19.4147167+07:00" testType="13cdc9d9-ddb5-4fa4-a97d-d965ccfc6d4b" outcome="Passed" testListId="8c84fa94-04c1-424b-9868-57a2d4851a1d" relativeResultsDirectory="14b501be-bd2d-4e30-a2f0-d6f4e7382d30" />
    <UnitTestResult executionId="f87f7046-db40-4bc9-94ea-23fa19dcf657" testId="1cecfb52-2c5c-c1e3-5583-91b828ea3c36" testName="gtas_vpp_be.Tests.UI.StatusDisplayTests.GetText_WithCulture_ReturnsVietnameseLabels(status: 6, isDeadlinePassed: False, isAdditionalOrder: False, expected: &quot;Chờ duyệt&quot;)" computerName="MKGAME" duration="00:00:00.0000062" startTime="2026-07-13T10:09:19.4309939+07:00" endTime="2026-07-13T10:09:19.4310418+07:00" testType="13cdc9d9-ddb5-4fa4-a97d-d965ccfc6d4b" outcome="Passed" testListId="8c84fa94-04c1-424b-9868-57a2d4851a1d" relativeResultsDirectory="f87f7046-db40-4bc9-94ea-23fa19dcf657" />
    <UnitTestResult executionId="8851ce51-783d-4ef7-b1e8-797d91b1db11" testId="496d8436-9bd9-97f5-4174-9be7bc80a4a5" testName="gtas_vpp_be.Tests.VPPRequestTests.CreateOrderAfterSettlementTests.CreateOrder_AfterSettlement_BlocksCreate" computerName="MKGAME" duration="00:00:00.1197250" startTime="2026-07-13T10:09:18.9214360+07:00" endTime="2026-07-13T10:09:19.0415210+07:00" testType="13cdc9d9-ddb5-4fa4-a97d-d965ccfc6d4b" outcome="Passed" testListId="8c84fa94-04c1-424b-9868-57a2d4851a1d" relativeResultsDirectory="8851ce51-783d-4ef7-b1e8-797d91b1db11" />
    <UnitTestResult executionId="3ca254de-8b1c-4706-b7bf-e5f744e30a52" testId="932c1154-14c2-7e7b-e613-0f1b7b9257d5" testName="gtas_vpp_be.Tests.Domain.OrderStateMachineTests.Transition_InvalidCombination_ThrowsInvalidOperationException(fromStatus: 7, action: Update)" computerName="MKGAME" duration="00:00:00.0012064" startTime="2026-07-13T10:09:19.0531636+07:00" endTime="2026-07-13T10:09:19.0532130+07:00" testType="13cdc9d9-ddb5-4fa4-a97d-d965ccfc6d4b" outcome="Passed" testListId="8c84fa94-04c1-424b-9868-57a2d4851a1d" relativeResultsDirectory="3ca254de-8b1c-4706-b7bf-e5f744e30a52" />
    <UnitTestResult executionId="da5e2fe5-34cc-4cda-b170-d19879568e92" testId="157d8de4-a863-26b1-3c58-cd29472c7a50" testName="gtas_vpp_be.Tests.Domain.OrderStateMachineTests.Transition_InvalidCombination_ThrowsInvalidOperationException(fromStatus: 4, action: Cancel)" computerName="MKGAME" duration="00:00:00.0000103" startTime="2026-07-13T10:09:19.0534453+07:00" endTime="2026-07-13T10:09:19.0534995+07:00" testType="13cdc9d9-ddb5-4fa4-a97d-d965ccfc6d4b" outcome="Passed" testListId="8c84fa94-04c1-424b-9868-57a2d4851a1d" relativeResultsDirectory="da5e2fe5-34cc-4cda-b170-d19879568e92" />
    <UnitTestResult executionId="caa2e11a-434f-48ba-86d4-223f6ab19946" testId="b9e1fe30-af7f-e0bc-16e6-cd5c61ddbb7d" testName="gtas_vpp_be.Tests.ControllerTests.VPPRequestControllerTests.GetMyOrders_NullUserIdClaim_ReturnsUnauthorized" computerName="MKGAME" duration="00:00:00.0063811" startTime="2026-07-13T10:09:18.5979893+07:00" endTime="2026-07-13T10:09:18.6031755+07:00" testType="13cdc9d9-ddb5-4fa4-a97d-d965ccfc6d4b" outcome="Passed" testListId="8c84fa94-04c1-424b-9868-57a2d4851a1d" relativeResultsDirectory="caa2e11a-434f-48ba-86d4-223f6ab19946" />
    <UnitTestResult executionId="93f3c993-7255-4013-b4e5-bcb1766424b8" testId="daf685cc-98d9-50ab-2320-04a40bb7eb19" testName="gtas_vpp_be.Tests.VPPRequestTests.VPPRequestServiceTests.CreateOrderAsync_AdditionalOrder_CreatesPendingHeader" computerName="MKGAME" duration="00:00:00.3965743" startTime="2026-07-13T10:09:18.9774555+07:00" endTime="2026-07-13T10:09:19.3739567+07:00" testType="13cdc9d9-ddb5-4fa4-a97d-d965ccfc6d4b" outcome="Passed" testListId="8c84fa94-04c1-424b-9868-57a2d4851a1d" relativeResultsDirectory="93f3c993-7255-4013-b4e5-bcb1766424b8" />
    <UnitTestResult executionId="7d110a8c-9217-487d-8452-d6afb1d3e009" testId="45f46789-dc82-6196-a876-f83d6a3781b7" testName="gtas_vpp_be.Tests.UI.StatusDisplayTests.GetText_ReturnsExpectedLabel(status: 4, expected: &quot;Cancelled&quot;)" computerName="MKGAME" duration="00:00:00.0000040" startTime="2026-07-13T10:09:19.4321409+07:00" endTime="2026-07-13T10:09:19.4321924+07:00" testType="13cdc9d9-ddb5-4fa4-a97d-d965ccfc6d4b" outcome="Passed" testListId="8c84fa94-04c1-424b-9868-57a2d4851a1d" relativeResultsDirectory="7d110a8c-9217-487d-8452-d6afb1d3e009" />
    <UnitTestResult executionId="fb55cadb-198d-4b46-949a-bb8ce7405b51" testId="0f211c5a-1350-9959-6a40-595f91d64425" testName="gtas_vpp_be.Tests.Domain.OrderStateMachineTests.Transition_InvalidCombination_ThrowsInvalidOperationException(fromStatus: 8, action: Update)" computerName="MKGAME" duration="00:00:00.0014932" startTime="2026-07-13T10:09:19.0489836+07:00" endTime="2026-07-13T10:09:19.0498966+07:00" testType="13cdc9d9-ddb5-4fa4-a97d-d965ccfc6d4b" outcome="Passed" testListId="8c84fa94-04c1-424b-9868-57a2d4851a1d" relativeResultsDirectory="fb55cadb-198d-4b46-949a-bb8ce7405b51" />
    <UnitTestResult executionId="380ecd42-5bc5-4931-b82e-ab5ec7aa91a1" testId="bb1673b5-2900-781b-0350-2bc6acf068c9" testName="gtas_vpp_be.Tests.Domain.OrderStateMachineTests.Transition_ValidCombination_ReturnsExpectedStatus(fromStatus: 6, action: Reject, expectedStatus: 8)" computerName="MKGAME" duration="00:00:00.0000022" startTime="2026-07-13T10:09:19.0487987+07:00" endTime="2026-07-13T10:09:19.0488488+07:00" testType="13cdc9d9-ddb5-4fa4-a97d-d965ccfc6d4b" outcome="Passed" testListId="8c84fa94-04c1-424b-9868-57a2d4851a1d" relativeResultsDirectory="380ecd42-5bc5-4931-b82e-ab5ec7aa91a1" />
    <UnitTestResult executionId="2800082c-f1e9-4a96-8ba6-81d5d5a24c16" testId="c633b341-dee6-4cc8-4781-4c01f7a296b1" testName="gtas_vpp_be.Tests.Domain.PeriodCalculatorTests.Current_And_Previous_Match_BusinessRule(nowIso: &quot;2026-04-05 00:00:01&quot;, expectedCurrentYear: 2026, expectedCurrentMonth: 4, expectedPreviousYear: 2026, expectedPreviousMonth: 3)" computerName="MKGAME" duration="00:00:00.0000058" startTime="2026-07-13T10:09:19.4251048+07:00" endTime="2026-07-13T10:09:19.4251554+07:00" testType="13cdc9d9-ddb5-4fa4-a97d-d965ccfc6d4b" outcome="Passed" testListId="8c84fa94-04c1-424b-9868-57a2d4851a1d" relativeResultsDirectory="2800082c-f1e9-4a96-8ba6-81d5d5a24c16" />
    <UnitTestResult executionId="8503504e-ea7a-4c1d-b167-4f5c7136c09b" testId="678edd87-0e61-713c-86f7-841468b52a1e" testName="gtas_vpp_be.Tests.UI.StatusDisplayTests.GetText_WithCulture_ReturnsEnglishLabels(status: 1, isDeadlinePassed: False, isAdditionalOrder: False, expected: &quot;Submitted&quot;)" computerName="MKGAME" duration="00:00:00.0000066" startTime="2026-07-13T10:09:19.4331404+07:00" endTime="2026-07-13T10:09:19.4331899+07:00" testType="13cdc9d9-ddb5-4fa4-a97d-d965ccfc6d4b" outcome="Passed" testListId="8c84fa94-04c1-424b-9868-57a2d4851a1d" relativeResultsDirectory="8503504e-ea7a-4c1d-b167-4f5c7136c09b" />
    <UnitTestResult executionId="5eee5ffe-5b7b-45ff-8e28-230b80cf555e" testId="654937b4-4d1d-4703-f833-e2dc2dc93eca" testName="gtas_vpp_be.Tests.Domain.PeriodCalculatorTests.Current_And_Previous_Match_BusinessRule(nowIso: &quot;2026-01-05 00:00:00&quot;, expectedCurrentYear: 2026, expectedCurrentMonth: 1, expectedPreviousYear: 2025, expectedPreviousMonth: 12)" computerName="MKGAME" duration="00:00:00.0000046" startTime="2026-07-13T10:09:19.4252453+07:00" endTime="2026-07-13T10:09:19.4252914+07:00" testType="13cdc9d9-ddb5-4fa4-a97d-d965ccfc6d4b" outcome="Passed" testListId="8c84fa94-04c1-424b-9868-57a2d4851a1d" relativeResultsDirectory="5eee5ffe-5b7b-45ff-8e28-230b80cf555e" />
    <UnitTestResult executionId="43cd5d8c-0f3b-453e-a101-ffada14ce943" testId="0c65abd2-3db9-6e93-4cba-267233a70482" testName="gtas_vpp_be.Tests.VPPPriceTests.VPPPriceServiceTests.Delete_Soft_HidesRowFromList" computerName="MKGAME" duration="00:00:00.0664446" startTime="2026-07-13T10:09:19.2220319+07:00" endTime="2026-07-13T10:09:19.2883656+07:00" testType="13cdc9d9-ddb5-4fa4-a97d-d965ccfc6d4b" outcome="Passed" testListId="8c84fa94-04c1-424b-9868-57a2d4851a1d" relativeResultsDirectory="43cd5d8c-0f3b-453e-a101-ffada14ce943" />
    <UnitTestResult executionId="e8d28dda-6920-4081-a0ff-a46117221647" testId="b8ead11d-0faf-5557-1663-9f2b0d08e331" testName="gtas_vpp_be.Tests.UI.StatusDisplayTests.GetText_ReturnsExpectedLabel(status: 0, expected: &quot;-&quot;)" computerName="MKGAME" duration="00:00:00.0000018" startTime="2026-07-13T10:09:19.4326992+07:00" endTime="2026-07-13T10:09:19.4327457+07:00" testType="13cdc9d9-ddb5-4fa4-a97d-d965ccfc6d4b" outcome="Passed" testListId="8c84fa94-04c1-424b-9868-57a2d4851a1d" relativeResultsDirectory="e8d28dda-6920-4081-a0ff-a46117221647" />
    <UnitTestResult executionId="30979c08-376f-48ed-b41e-4778954df772" testId="d5abf57f-2880-88fd-40f4-70a440f349d4" testName="gtas_vpp_be.Tests.ControllerTests.AuthControllerTests.Login_ValidCredentials_ReturnsOkWithToken" computerName="MKGAME" duration="00:00:02.3061758" startTime="2026-07-13T10:09:16.5996318+07:00" endTime="2026-07-13T10:09:18.9092587+07:00" testType="13cdc9d9-ddb5-4fa4-a97d-d965ccfc6d4b" outcome="Passed" testListId="8c84fa94-04c1-424b-9868-57a2d4851a1d" relativeResultsDirectory="30979c08-376f-48ed-b41e-4778954df772" />
    <UnitTestResult executionId="48e037bc-51d5-477e-892d-82e88d760504" testId="86871b15-3d0d-6b83-9903-49ca1265cdd4" testName="gtas_vpp_be.Tests.Domain.PeriodCalculatorTests.Current_And_Previous_Match_BusinessRule(nowIso: &quot;2026-01-04 12:00:00&quot;, expectedCurrentYear: 2025, expectedCurrentMonth: 12, expectedPreviousYear: 2025, expectedPreviousMonth: 11)" computerName="MKGAME" duration="00:00:00.0000050" startTime="2026-07-13T10:09:19.4249710+07:00" endTime="2026-07-13T10:09:19.4250171+07:00" testType="13cdc9d9-ddb5-4fa4-a97d-d965ccfc6d4b" outcome="Passed" testListId="8c84fa94-04c1-424b-9868-57a2d4851a1d" relativeResultsDirectory="48e037bc-51d5-477e-892d-82e88d760504" />
    <UnitTestResult executionId="37eeec51-9322-4c5a-9c24-2203560cd48f" testId="2a8fac50-2810-93bc-0b40-9dab3e812605" testName="gtas_vpp_be.Tests.Domain.PeriodCalculatorTests.Current_And_Previous_Match_BusinessRule(nowIso: &quot;2026-04-05 00:00:00&quot;, expectedCurrentYear: 2026, expectedCurrentMonth: 4, expectedPreviousYear: 2026, expectedPreviousMonth: 3)" computerName="MKGAME" duration="00:00:00.0002977" startTime="2026-07-13T10:09:19.4230569+07:00" endTime="2026-07-13T10:09:19.4231111+07:00" testType="13cdc9d9-ddb5-4fa4-a97d-d965ccfc6d4b" outcome="Passed" testListId="8c84fa94-04c1-424b-9868-57a2d4851a1d" relativeResultsDirectory="37eeec51-9322-4c5a-9c24-2203560cd48f" />
    <UnitTestResult executionId="c6420a8e-28f9-4467-a4ba-c434dbea923e" testId="3ef51ef1-4b47-8517-8960-876ffa5e3d10" testName="gtas_vpp_be.Tests.BaseServicesTests.EnvironmentResolverTests.GetEnvironment_NoClaims_ReturnsTestEnv" computerName="MKGAME" duration="00:00:00.0000945" startTime="2026-07-13T10:09:18.5686167+07:00" endTime="2026-07-13T10:09:18.5686664+07:00" testType="13cdc9d9-ddb5-4fa4-a97d-d965ccfc6d4b" outcome="Passed" testListId="8c84fa94-04c1-424b-9868-57a2d4851a1d" relativeResultsDirectory="c6420a8e-28f9-4467-a4ba-c434dbea923e" />
    <UnitTestResult executionId="9eec3b22-89fb-49bc-9e83-c785a4ec13da" testId="4bed924e-99b2-6e68-784d-07340942a9a6" testName="gtas_vpp_be.Tests.PasswordEncoderTests.TripleDes_RoundTrip" computerName="MKGAME" duration="00:00:00.0062943" startTime="2026-07-13T10:09:19.4082547+07:00" endTime="2026-07-13T10:09:19.4144763+07:00" testType="13cdc9d9-ddb5-4fa4-a97d-d965ccfc6d4b" outcome="Passed" testListId="8c84fa94-04c1-424b-9868-57a2d4851a1d" relativeResultsDirectory="9eec3b22-89fb-49bc-9e83-c785a4ec13da" />
    <UnitTestResult executionId="c67c2877-a63f-4c27-8ca4-aea179c9a551" testId="67de20bc-4329-0e3b-4f5e-f210a971299b" testName="gtas_vpp_be.Tests.BaseServicesTests.EnvironmentResolverTests.GetEnvironment_ServerClaimLive_ReturnsLiveEnv" computerName="MKGAME" duration="00:00:00.0002169" startTime="2026-07-13T10:09:18.5682191+07:00" endTime="2026-07-13T10:09:18.5682825+07:00" testType="13cdc9d9-ddb5-4fa4-a97d-d965ccfc6d4b" outcome="Passed" testListId="8c84fa94-04c1-424b-9868-57a2d4851a1d" relativeResultsDirectory="c67c2877-a63f-4c27-8ca4-aea179c9a551" />
    <UnitTestResult executionId="9fac9156-9f36-4e24-8c39-0cb22ec4994a" testId="10029aff-6e3e-349b-ab84-c87eeaf5e199" testName="gtas_vpp_be.Tests.VPPRequestTests.VPPRequestServiceTests.IsDeadlinePassed_DateAfterDeadline_ReturnsTrue" computerName="MKGAME" duration="00:00:00.0009197" startTime="2026-07-13T10:09:19.4439452+07:00" endTime="2026-07-13T10:09:19.4447331+07:00" testType="13cdc9d9-ddb5-4fa4-a97d-d965ccfc6d4b" outcome="Passed" testListId="8c84fa94-04c1-424b-9868-57a2d4851a1d" relativeResultsDirectory="9fac9156-9f36-4e24-8c39-0cb22ec4994a" />
    <UnitTestResult executionId="20255029-362f-47f3-9c1c-620610a2a425" testId="97ec15cd-2c74-d694-a4f2-4d63e911b891" testName="gtas_vpp_be.Tests.UI.StatusDisplayTests.GetText_WithCulture_ReturnsEnglishLabels(status: 1, isDeadlinePassed: True, isAdditionalOrder: False, expected: &quot;Submitted (Period Closed)&quot;)" computerName="MKGAME" duration="00:00:00.0007684" startTime="2026-07-13T10:09:19.4330040+07:00" endTime="2026-07-13T10:09:19.4330489+07:00" testType="13cdc9d9-ddb5-4fa4-a97d-d965ccfc6d4b" outcome="Passed" testListId="8c84fa94-04c1-424b-9868-57a2d4851a1d" relativeResultsDirectory="20255029-362f-47f3-9c1c-620610a2a425" />
    <UnitTestResult executionId="4eaa2eb9-6b33-433c-ac0f-a1946881a9a5" testId="98eeb1db-4c96-7e64-6342-88ee812691f2" testName="gtas_vpp_be.Tests.PeriodSettlementTests.PeriodSettlementServiceTests.Settle_LogsToVPP03_PerHeader" computerName="MKGAME" duration="00:00:00.0821409" startTime="2026-07-13T10:09:19.4165760+07:00" endTime="2026-07-13T10:09:19.4983842+07:00" testType="13cdc9d9-ddb5-4fa4-a97d-d965ccfc6d4b" outcome="Passed" testListId="8c84fa94-04c1-424b-9868-57a2d4851a1d" relativeResultsDirectory="4eaa2eb9-6b33-433c-ac0f-a1946881a9a5" />
    <UnitTestResult executionId="191c8492-c6aa-4310-8d13-531f24f200a4" testId="401d9475-634b-03f4-6cd3-f10f0a000cea" testName="gtas_vpp_be.Tests.MiddlewareTests.ExceptionHandlingMiddlewareTests.InvokeAsync_Exception_MapsToProblemDetails(exception: System.Collections.Generic.KeyNotFoundException: missing, expectedStatus: 404, expectedTitle: &quot;Not Found&quot;)" computerName="MKGAME" duration="00:00:00.3183512" startTime="2026-07-13T10:09:19.0576868+07:00" endTime="2026-07-13T10:09:19.3758861+07:00" testType="13cdc9d9-ddb5-4fa4-a97d-d965ccfc6d4b" outcome="Passed" testListId="8c84fa94-04c1-424b-9868-57a2d4851a1d" relativeResultsDirectory="191c8492-c6aa-4310-8d13-531f24f200a4" />
    <UnitTestResult executionId="e27de7dc-fdb7-45d5-a85b-e14cd4cc343f" testId="3a63891a-adfe-ca9e-5366-820a43c510e6" testName="gtas_vpp_be.Tests.VPPRequestTests.CreateOrderAfterSettlementTests.CreateAdditional_AfterSettlement_BlocksCreate" computerName="MKGAME" duration="00:00:00.0057707" startTime="2026-07-13T10:09:19.0417370+07:00" endTime="2026-07-13T10:09:19.0472335+07:00" testType="13cdc9d9-ddb5-4fa4-a97d-d965ccfc6d4b" outcome="Passed" testListId="8c84fa94-04c1-424b-9868-57a2d4851a1d" relativeResultsDirectory="e27de7dc-fdb7-45d5-a85b-e14cd4cc343f" />
    <UnitTestResult executionId="fac62246-7ffa-46d5-92b0-6f5b1d4d18a8" testId="401d9475-634b-03f4-6cd3-f10f0a000cea" testName="gtas_vpp_be.Tests.MiddlewareTests.ExceptionHandlingMiddlewareTests.InvokeAsync_Exception_MapsToProblemDetails(exception: System.InvalidOperationException: invalid, expectedStatus: 400, expectedTitle: &quot;Bad Request&quot;)" computerName="MKGAME" duration="00:00:00.0087109" startTime="2026-07-13T10:09:19.3896120+07:00" endTime="2026-07-13T10:09:19.3983301+07:00" testType="13cdc9d9-ddb5-4fa4-a97d-d965ccfc6d4b" outcome="Passed" testListId="8c84fa94-04c1-424b-9868-57a2d4851a1d" relativeResultsDirectory="fac62246-7ffa-46d5-92b0-6f5b1d4d18a8" />
    <UnitTestResult executionId="04ab1168-11eb-4917-a2a1-c9a93286a893" testId="550a57df-bcc7-23d4-77d8-bc6a10759daf" testName="gtas_vpp_be.Tests.Domain.PeriodCalculatorTests.Current_And_Previous_Match_BusinessRule(nowIso: &quot;2026-04-15 12:00:00&quot;, expectedCurrentYear: 2026, expectedCurrentMonth: 4, expectedPreviousYear: 2026, expectedPreviousMonth: 3)" computerName="MKGAME" duration="00:00:00.0000106" startTime="2026-07-13T10:09:19.4246417+07:00" endTime="2026-07-13T10:09:19.4247119+07:00" testType="13cdc9d9-ddb5-4fa4-a97d-d965ccfc6d4b" outcome="Passed" testListId="8c84fa94-04c1-424b-9868-57a2d4851a1d" relativeResultsDirectory="04ab1168-11eb-4917-a2a1-c9a93286a893" />
    <UnitTestResult executionId="a427a264-729a-46b5-b650-f29b63e7f358" testId="711d0433-04e7-1eaa-805a-50c518dee0ed" testName="gtas_vpp_be.Tests.BaseServicesTests.EnvironmentResolverTests.GetEnvironment_NoClaims_UsesConfiguredDefaultEnvironment" computerName="MKGAME" duration="00:00:00.1002552" startTime="2026-07-13T10:09:18.4676960+07:00" endTime="2026-07-13T10:09:18.5679775+07:00" testType="13cdc9d9-ddb5-4fa4-a97d-d965ccfc6d4b" outcome="Passed" testListId="8c84fa94-04c1-424b-9868-57a2d4851a1d" relativeResultsDirectory="a427a264-729a-46b5-b650-f29b63e7f358" />
    <UnitTestResult executionId="de972eda-1886-4a55-90c2-f66cd1a40db3" testId="0ff71a3d-160e-2722-a784-b23cc4706fa5" testName="gtas_vpp_be.Tests.Domain.PeriodCalculatorTests.DeadlineFor_ReturnsAnchorOfFollowingMonth" computerName="MKGAME" duration="00:00:00.0001039" startTime="2026-07-13T10:09:19.4277175+07:00" endTime="2026-07-13T10:09:19.4277678+07:00" testType="13cdc9d9-ddb5-4fa4-a97d-d965ccfc6d4b" outcome="Passed" testListId="8c84fa94-04c1-424b-9868-57a2d4851a1d" relativeResultsDirectory="de972eda-1886-4a55-90c2-f66cd1a40db3" />
    <UnitTestResult executionId="d8ee2634-656a-4eae-ac05-0429d1c13bb1" testId="00fbb3a7-a3c6-a7a8-a2df-9dde0acf0c21" testName="gtas_vpp_be.Tests.UI.StatusDisplayTests.GetCssClass_ReturnsExpectedClass(status: 1, expected: &quot;vpp-badge-submitted&quot;)" computerName="MKGAME" duration="00:00:00.0000023" startTime="2026-07-13T10:09:19.4285765+07:00" endTime="2026-07-13T10:09:19.4286230+07:00" testType="13cdc9d9-ddb5-4fa4-a97d-d965ccfc6d4b" outcome="Passed" testListId="8c84fa94-04c1-424b-9868-57a2d4851a1d" relativeResultsDirectory="d8ee2634-656a-4eae-ac05-0429d1c13bb1" />
    <UnitTestResult executionId="40787dcf-e346-4316-9bc4-b9dc5f6e6837" testId="fe1799f7-dac2-8fd1-15fd-157147090426" testName="gtas_vpp_be.Tests.Domain.PeriodCalculatorTests.Constructor_RejectsInvalidDeadlineDay(day: -1)" computerName="MKGAME" duration="00:00:00.0002895" startTime="2026-07-13T10:09:19.4254141+07:00" endTime="2026-07-13T10:09:19.4254666+07:00" testType="13cdc9d9-ddb5-4fa4-a97d-d965ccfc6d4b" outcome="Passed" testListId="8c84fa94-04c1-424b-9868-57a2d4851a1d" relativeResultsDirectory="40787dcf-e346-4316-9bc4-b9dc5f6e6837" />
    <UnitTestResult executionId="68c59bfa-b260-4a4a-8ca2-22d9b64126f4" testId="26603e92-2ed0-b1a9-8a52-b78b7499f3f8" testName="gtas_vpp_be.Tests.ControllerTests.VPPRequestControllerTests.CreateOrder_ValidRequest_ReturnsOk" computerName="MKGAME" duration="00:00:01.4572771" startTime="2026-07-13T10:09:16.5996610+07:00" endTime="2026-07-13T10:09:18.0603203+07:00" testType="13cdc9d9-ddb5-4fa4-a97d-d965ccfc6d4b" outcome="Passed" testListId="8c84fa94-04c1-424b-9868-57a2d4851a1d" relativeResultsDirectory="68c59bfa-b260-4a4a-8ca2-22d9b64126f4" />
    <UnitTestResult executionId="e57addff-454f-4d48-8957-2a9885438e8c" testId="3ef1d0fb-3a1f-8aaa-13ca-8f56295b240e" testName="gtas_vpp_be.Tests.Domain.OrderStateMachineTests.Transition_InvalidCombination_ThrowsInvalidOperationException(fromStatus: 1, action: Reject)" computerName="MKGAME" duration="00:00:00.0000093" startTime="2026-07-13T10:09:19.0529864+07:00" endTime="2026-07-13T10:09:19.0530484+07:00" testType="13cdc9d9-ddb5-4fa4-a97d-d965ccfc6d4b" outcome="Passed" testListId="8c84fa94-04c1-424b-9868-57a2d4851a1d" relativeResultsDirectory="e57addff-454f-4d48-8957-2a9885438e8c" />
    <UnitTestResult executionId="d3e273b2-7d2b-4566-b095-86b7a0f43da3" testId="fefd8d29-c12e-3fb3-22a9-ead5dbf11e22" testName="gtas_vpp_be.Tests.VPPRequestTests.VPPRequestServiceTests.IsDeadlinePassed_DateBeforeDeadline_ReturnsFalse" computerName="MKGAME" duration="00:00:00.0016260" startTime="2026-07-13T10:09:19.3799523+07:00" endTime="2026-07-13T10:09:19.3814985+07:00" testType="13cdc9d9-ddb5-4fa4-a97d-d965ccfc6d4b" outcome="Passed" testListId="8c84fa94-04c1-424b-9868-57a2d4851a1d" relativeResultsDirectory="d3e273b2-7d2b-4566-b095-86b7a0f43da3" />
    <UnitTestResult executionId="89c0b824-d95a-4ac3-927d-915e1e917735" testId="d9ec7457-5625-cbeb-c407-eebe4473fcfe" testName="gtas_vpp_be.Tests.ControllerTests.AuthControllerTests.Login_InvalidCredentials_ReturnsUnauthorized" computerName="MKGAME" duration="00:00:00.0024631" startTime="2026-07-13T10:09:18.9125977+07:00" endTime="2026-07-13T10:09:18.9149011+07:00" testType="13cdc9d9-ddb5-4fa4-a97d-d965ccfc6d4b" outcome="Passed" testListId="8c84fa94-04c1-424b-9868-57a2d4851a1d" relativeResultsDirectory="89c0b824-d95a-4ac3-927d-915e1e917735" />
    <UnitTestResult executionId="944dc1c0-b34c-43ae-93e3-fed8f46efec6" testId="d31bd4bf-5ea0-b42e-ae43-656a8855fec5" testName="gtas_vpp_be.Tests.Domain.PeriodCalculatorTests.Constructor_RejectsInvalidDeadlineDay(day: 0)" computerName="MKGAME" duration="00:00:00.0000092" startTime="2026-07-13T10:09:19.4258164+07:00" endTime="2026-07-13T10:09:19.4258617+07:00" testType="13cdc9d9-ddb5-4fa4-a97d-d965ccfc6d4b" outcome="Passed" testListId="8c84fa94-04c1-424b-9868-57a2d4851a1d" relativeResultsDirectory="944dc1c0-b34c-43ae-93e3-fed8f46efec6" />
    <UnitTestResult executionId="e0f209d2-a9ba-4b62-9c89-58563eecddf4" testId="48f21c41-e84a-3240-646b-a644cdbaca6f" testName="gtas_vpp_be.Tests.Domain.OrderStateMachineTests.Transition_InvalidCombination_ThrowsInvalidOperationException(fromStatus: 8, action: Approve)" computerName="MKGAME" duration="00:00:00.0003181" startTime="2026-07-13T10:09:19.0507787+07:00" endTime="2026-07-13T10:09:19.0508461+07:00" testType="13cdc9d9-ddb5-4fa4-a97d-d965ccfc6d4b" outcome="Passed" testListId="8c84fa94-04c1-424b-9868-57a2d4851a1d" relativeResultsDirectory="e0f209d2-a9ba-4b62-9c89-58563eecddf4" />
    <UnitTestResult executionId="6c71cf87-f0a5-48a5-a35d-2231eaacc172" testId="f432510a-93c0-25a1-0f11-8f6b80e70c05" testName="gtas_vpp_be.Tests.Domain.OrderStateMachineTests.Transition_InvalidCombination_ThrowsInvalidOperationException(fromStatus: 7, action: Reject)" computerName="MKGAME" duration="00:00:00.0000093" startTime="2026-07-13T10:09:19.0521521+07:00" endTime="2026-07-13T10:09:19.0522007+07:00" testType="13cdc9d9-ddb5-4fa4-a97d-d965ccfc6d4b" outcome="Passed" testListId="8c84fa94-04c1-424b-9868-57a2d4851a1d" relativeResultsDirectory="6c71cf87-f0a5-48a5-a35d-2231eaacc172" />
    <UnitTestResult executionId="909fc1db-5c9e-4376-8190-34c738ded1cd" testId="a4a4f6c9-cf3f-34d5-eb03-1385407201ea" testName="gtas_vpp_be.Tests.PeriodSettlementTests.PeriodSettlementServiceTests.GetStatus_ReturnsPendingCount" computerName="MKGAME" duration="00:00:00.0025368" startTime="2026-07-13T10:09:19.4985780+07:00" endTime="2026-07-13T10:09:19.5009634+07:00" testType="13cdc9d9-ddb5-4fa4-a97d-d965ccfc6d4b" outcome="Passed" testListId="8c84fa94-04c1-424b-9868-57a2d4851a1d" relativeResultsDirectory="909fc1db-5c9e-4376-8190-34c738ded1cd" />
    <UnitTestResult executionId="e58418db-0a00-4768-ad9b-65c9868b64fe" testId="78646782-8595-ef06-030f-3d4186cc417c" testName="gtas_vpp_be.Tests.Domain.OrderStateMachineTests.Transition_ValidCombination_ReturnsExpectedStatus(fromStatus: 1, action: Cancel, expectedStatus: 4)" computerName="MKGAME" duration="00:00:00.0000026" startTime="2026-07-13T10:09:19.0484978+07:00" endTime="2026-07-13T10:09:19.0485526+07:00" testType="13cdc9d9-ddb5-4fa4-a97d-d965ccfc6d4b" outcome="Passed" testListId="8c84fa94-04c1-424b-9868-57a2d4851a1d" relativeResultsDirectory="e58418db-0a00-4768-ad9b-65c9868b64fe" />
    <UnitTestResult executionId="97baf50f-41fd-4e43-b20c-6848a4d6b2ef" testId="17bf0cc2-c0cd-984c-9f1c-af22c66f240e" testName="gtas_vpp_be.Tests.ControllerTests.VPPRequestControllerTests.GetProducts_LoadDataRequest_AppliesPagingAndSetsTotalCountHeader" computerName="MKGAME" duration="00:00:00.7235477" startTime="2026-07-13T10:09:19.2999195+07:00" endTime="2026-07-13T10:09:20.0236628+07:00" testType="13cdc9d9-ddb5-4fa4-a97d-d965ccfc6d4b" outcome="Passed" testListId="8c84fa94-04c1-424b-9868-57a2d4851a1d" relativeResultsDirectory="97baf50f-41fd-4e43-b20c-6848a4d6b2ef" />
    <UnitTestResult executionId="37cc7a5b-0576-434e-a063-a7706c2940d1" testId="f8929232-39ce-6abb-4a35-a5ade9e68194" testName="gtas_vpp_be.Tests.VPPPriceTests.VPPPriceServiceTests.Update_FlipDefaultToTrue_DemotesPrevious" computerName="MKGAME" duration="00:00:00.0314754" startTime="2026-07-13T10:09:19.2885741+07:00" endTime="2026-07-13T10:09:19.3199553+07:00" testType="13cdc9d9-ddb5-4fa4-a97d-d965ccfc6d4b" outcome="Passed" testListId="8c84fa94-04c1-424b-9868-57a2d4851a1d" relativeResultsDirectory="37cc7a5b-0576-434e-a063-a7706c2940d1" />
    <UnitTestResult executionId="17440243-c3e3-429c-b71f-ddf6ccb8945d" testId="f0ffe78d-cca2-b226-1c46-cea0ff7c963c" testName="gtas_vpp_be.Tests.Domain.OrderStateMachineTests.Transition_InvalidCombination_ThrowsInvalidOperationException(fromStatus: 4, action: Reject)" computerName="MKGAME" duration="00:00:00.0000144" startTime="2026-07-13T10:09:19.0512942+07:00" endTime="2026-07-13T10:09:19.0513493+07:00" testType="13cdc9d9-ddb5-4fa4-a97d-d965ccfc6d4b" outcome="Passed" testListId="8c84fa94-04c1-424b-9868-57a2d4851a1d" relativeResultsDirectory="17440243-c3e3-429c-b71f-ddf6ccb8945d" />
    <UnitTestResult executionId="9806f400-3577-427e-8d79-02a6a75e7a5c" testId="756650e3-ab29-9bb2-f6f6-9370917ac852" testName="gtas_vpp_be.Tests.VPPRequestTests.VPPRequestServiceTests.CreateOrder_SnapshotsPriceFromL06_Test" computerName="MKGAME" duration="00:00:00.0194229" startTime="2026-07-13T10:09:19.3816973+07:00" endTime="2026-07-13T10:09:19.4009984+07:00" testType="13cdc9d9-ddb5-4fa4-a97d-d965ccfc6d4b" outcome="Passed" testListId="8c84fa94-04c1-424b-9868-57a2d4851a1d" relativeResultsDirectory="9806f400-3577-427e-8d79-02a6a75e7a5c" />
    <UnitTestResult executionId="5c66f9ac-78be-4d04-ba01-4f6ac502079f" testId="6185bea5-97ad-22de-9ef9-c3321353cec9" testName="gtas_vpp_be.Tests.Domain.PeriodCalculatorTests.Current_And_Previous_Match_BusinessRule(nowIso: &quot;2026-04-04 23:59:59&quot;, expectedCurrentYear: 2026, expectedCurrentMonth: 3, expectedPreviousYear: 2026, expectedPreviousMonth: 2)" computerName="MKGAME" duration="00:00:00.0026235" startTime="2026-07-13T10:09:19.4204357+07:00" endTime="2026-07-13T10:09:19.4229049+07:00" testType="13cdc9d9-ddb5-4fa4-a97d-d965ccfc6d4b" outcome="Passed" testListId="8c84fa94-04c1-424b-9868-57a2d4851a1d" relativeResultsDirectory="5c66f9ac-78be-4d04-ba01-4f6ac502079f" />
  </Results>
  <TestDefinitions>
    <UnitTest name="gtas_vpp_be.Tests.ControllerTests.VPPRequestControllerTests.GetOrderFilterValues_ExcludesCurrentColumnSelectionFromPopupScope" storage="d:\work\gtas_vpp\gtas_vpp_be.tests\bin\debug\net10.0\gtas_vpp_be.tests.dll" id="6284d0df-8b1c-8378-e75e-5dfaea309389">
      <Execution id="4a52e48e-74e3-4c47-861c-eeda62358749" />
      <TestMethod codeBase="D:\WORK\gtas_vpp\gtas_vpp_be.Tests\bin\Debug\net10.0\gtas_vpp_be.Tests.dll" adapterTypeName="executor://xunit/VsTestRunner3/netcore/" className="gtas_vpp_be.Tests.ControllerTests.VPPRequestControllerTests" name="GetOrderFilterValues_ExcludesCurrentColumnSelectionFromPopupScope" />
    </UnitTest>
    <UnitTest name="gtas_vpp_be.Tests.Domain.PeriodCalculatorTests.Current_And_Previous_Match_BusinessRule(nowIso: &quot;2026-04-05 00:00:01&quot;, expectedCurrentYear: 2026, expectedCurrentMonth: 4, expectedPreviousYear: 2026, expectedPreviousMonth: 3)" storage="d:\work\gtas_vpp\gtas_vpp_be.tests\bin\debug\net10.0\gtas_vpp_be.tests.dll" id="c633b341-dee6-4cc8-4781-4c01f7a296b1">
      <Execution id="2800082c-f1e9-4a96-8ba6-81d5d5a24c16" />
      <TestMethod codeBase="D:\WORK\gtas_vpp\gtas_vpp_be.Tests\bin\Debug\net10.0\gtas_vpp_be.Tests.dll" adapterTypeName="executor://xunit/VsTestRunner3/netcore/" className="gtas_vpp_be.Tests.Domain.PeriodCalculatorTests" name="Current_And_Previous_Match_BusinessRule" />
    </UnitTest>
    <UnitTest name="gtas_vpp_be.Tests.Domain.OrderStateMachineTests.Transition_InvalidCombination_ThrowsInvalidOperationException(fromStatus: 4, action: Update)" storage="d:\work\gtas_vpp\gtas_vpp_be.tests\bin\debug\net10.0\gtas_vpp_be.tests.dll" id="984723c5-fa02-ce8c-0a37-f5426c106fe0">
      <Execution id="720f507d-7a1d-4110-81f6-8d44a6d47570" />
      <TestMethod codeBase="D:\WORK\gtas_vpp\gtas_vpp_be.Tests\bin\Debug\net10.0\gtas_vpp_be.Tests.dll" adapterTypeName="executor://xunit/VsTestRunner3/netcore/" className="gtas_vpp_be.Tests.Domain.OrderStateMachineTests" name="Transition_InvalidCombination_ThrowsInvalidOperationException" />
    </UnitTest>
    <UnitTest name="gtas_vpp_be.Tests.UI.StatusDisplayTests.GetCssClass_ReturnsExpectedClass(status: 6, expected: &quot;vpp-badge-pending&quot;)" storage="d:\work\gtas_vpp\gtas_vpp_be.tests\bin\debug\net10.0\gtas_vpp_be.tests.dll" id="728ce2b2-252c-1f2b-42d6-e41a9cb7fc3a">
      <Execution id="4dc0b644-1cb5-4625-b480-ccb6891be2a5" />
      <TestMethod codeBase="D:\WORK\gtas_vpp\gtas_vpp_be.Tests\bin\Debug\net10.0\gtas_vpp_be.Tests.dll" adapterTypeName="executor://xunit/VsTestRunner3/netcore/" className="gtas_vpp_be.Tests.UI.StatusDisplayTests" name="GetCssClass_ReturnsExpectedClass" />
    </UnitTest>
    <UnitTest name="gtas_vpp_be.Tests.UI.StatusDisplayTests.GetText_ReturnsExpectedLabel(status: 99, expected: &quot;-&quot;)" storage="d:\work\gtas_vpp\gtas_vpp_be.tests\bin\debug\net10.0\gtas_vpp_be.tests.dll" id="7751069e-c7b4-f51c-6d65-e0feac09f37e">
      <Execution id="d0d99d76-ad30-45e6-baa4-919814984a6c" />
      <TestMethod codeBase="D:\WORK\gtas_vpp\gtas_vpp_be.Tests\bin\Debug\net10.0\gtas_vpp_be.Tests.dll" adapterTypeName="executor://xunit/VsTestRunner3/netcore/" className="gtas_vpp_be.Tests.UI.StatusDisplayTests" name="GetText_ReturnsExpectedLabel" />
    </UnitTest>
[...]
    <TestEntry testId="0f673987-0422-5117-7f88-08a66df20628" executionId="40225bf2-898c-4964-ac35-0f59cea8b6b3" testListId="8c84fa94-04c1-424b-9868-57a2d4851a1d" />
    <TestEntry testId="23fc1e0a-c99c-14d7-cc61-fdaa9c2cccaa" executionId="b2584e47-1ca2-498a-9e91-9ef53f6fa501" testListId="8c84fa94-04c1-424b-9868-57a2d4851a1d" />
    <TestEntry testId="65625c31-b303-1b31-5a68-23a41bdf84ef" executionId="a90193ad-3ed4-451b-9ca6-aeb65eef4707" testListId="8c84fa94-04c1-424b-9868-57a2d4851a1d" />
    <TestEntry testId="6284d0df-8b1c-8378-e75e-5dfaea309389" executionId="4a52e48e-74e3-4c47-861c-eeda62358749" testListId="8c84fa94-04c1-424b-9868-57a2d4851a1d" />
    <TestEntry testId="b5307992-0f93-6344-65e6-a5b628e60a68" executionId="28f90e3f-4e33-429a-bf43-64d6ceebd612" testListId="8c84fa94-04c1-424b-9868-57a2d4851a1d" />
    <TestEntry testId="572f2d6b-041d-07db-e3fa-54470cb0dc55" executionId="241d8dfb-0c67-4bc0-a32e-884866a69ff6" testListId="8c84fa94-04c1-424b-9868-57a2d4851a1d" />
    <TestEntry testId="c7986006-5f5a-ef4c-faa3-7cbe65809f33" executionId="4f64edbf-0617-484b-9c7d-ce9c7f3d2034" testListId="8c84fa94-04c1-424b-9868-57a2d4851a1d" />
    <TestEntry testId="f247ef67-ccfb-d952-eecb-91290391690b" executionId="0427d8c9-4e13-4d10-9d49-54b2df375142" testListId="8c84fa94-04c1-424b-9868-57a2d4851a1d" />
    <TestEntry testId="93264f63-4957-2785-c49f-d0bfe7d74bdd" executionId="9bc1984c-b19c-4e8f-9c4d-a36d842926f5" testListId="8c84fa94-04c1-424b-9868-57a2d4851a1d" />
    <TestEntry testId="b21dd280-6973-5717-887b-20cd73d60e20" executionId="aa257b28-4a74-4241-acd4-ecd4f093e039" testListId="8c84fa94-04c1-424b-9868-57a2d4851a1d" />
    <TestEntry testId="7da4b6db-5b37-e4b2-926d-bb5e7d671cc3" executionId="bd1bdd4c-9b19-44fc-9d9a-8a562b5c93f7" testListId="8c84fa94-04c1-424b-9868-57a2d4851a1d" />
    <TestEntry testId="c4594bf6-d6fb-7631-d1a2-bfb3d87f9ef1" executionId="7ab75687-5241-408e-96e5-a2ff6a150eff" testListId="8c84fa94-04c1-424b-9868-57a2d4851a1d" />
    <TestEntry testId="0a7e6808-67cb-c22c-7536-3f44ddb6aaba" executionId="ad24866f-de9e-4d7c-ac50-1a6ccd88d9df" testListId="8c84fa94-04c1-424b-9868-57a2d4851a1d" />
    <TestEntry testId="c464a1fe-9a1f-b5b1-8f68-bf0ba8f3379e" executionId="bfa68ea5-8027-47e5-ad39-cf29e11fdfc0" testListId="8c84fa94-04c1-424b-9868-57a2d4851a1d" />
    <TestEntry testId="b319f4f6-38f5-72c0-c11a-3d5fe1f75ff9" executionId="59880228-0b5f-4057-b4f8-4b75804aa168" testListId="8c84fa94-04c1-424b-9868-57a2d4851a1d" />
    <TestEntry testId="33549462-4d07-4690-6036-e7dcbd11128b" executionId="a9728bab-ce3a-41c4-9816-b77793e897cf" testListId="8c84fa94-04c1-424b-9868-57a2d4851a1d" />
    <TestEntry testId="e9f85383-3444-f4cc-d422-dc1b9c416aa3" executionId="d1f01152-ead2-4ddb-bfbf-7580c0918a24" testListId="8c84fa94-04c1-424b-9868-57a2d4851a1d" />
    <TestEntry testId="6dcd3eec-8286-c0d6-a64e-b4337093c07f" executionId="5e5c4581-75be-4071-bac1-9a8253b2adfc" testListId="8c84fa94-04c1-424b-9868-57a2d4851a1d" />
    <TestEntry testId="a8ab3503-c127-8dca-d339-603dbb9385ad" executionId="6de45a68-8d31-4817-aaee-e0fed74fbcb4" testListId="8c84fa94-04c1-424b-9868-57a2d4851a1d" />
    <TestEntry testId="401d9475-634b-03f4-6cd3-f10f0a000cea" executionId="2923b8f0-82c5-4c03-8450-ecfb0a3784f2" testListId="8c84fa94-04c1-424b-9868-57a2d4851a1d" />
    <TestEntry testId="3fdb7538-f1b5-7fc3-5172-2692a595fa4d" executionId="7e6ac5c3-1201-4035-981f-c59a7c5a85fd" testListId="8c84fa94-04c1-424b-9868-57a2d4851a1d" />
    <TestEntry testId="791ab8b4-f63f-4245-14d9-08ddb3f270f1" executionId="a591389e-f631-4a66-a62c-a243ea362af1" testListId="8c84fa94-04c1-424b-9868-57a2d4851a1d" />
    <TestEntry testId="98aea6c0-679b-0c2c-5d7a-612e563529c8" executionId="d3423958-3295-4565-9e63-25940b6dd35a" testListId="8c84fa94-04c1-424b-9868-57a2d4851a1d" />
    <TestEntry testId="64873b16-9eb6-a09f-a63f-f969c844c855" executionId="8dbfa5e4-dd18-4f6b-b1d3-7a66e21dfdb8" testListId="8c84fa94-04c1-424b-9868-57a2d4851a1d" />
    <TestEntry testId="21567e26-c748-ad62-485c-4ef330565ed9" executionId="be1895c5-2e05-4356-a984-08b394b098e0" testListId="8c84fa94-04c1-424b-9868-57a2d4851a1d" />
    <TestEntry testId="2c592748-e885-b86f-af9e-3b00c69598d6" executionId="c192fa1c-1c83-4ee2-a338-4fc22bdf3844" testListId="8c84fa94-04c1-424b-9868-57a2d4851a1d" />
    <TestEntry testId="59204dd5-3106-64b8-0580-8caf82ae3c72" executionId="1d0bff7e-224e-42ca-9e55-022d0d2a99fe" testListId="8c84fa94-04c1-424b-9868-57a2d4851a1d" />
    <TestEntry testId="7aa1cae8-8fd0-d61c-5d76-743732658b03" executionId="06d45cea-a336-4a47-acb0-b62844d2e623" testListId="8c84fa94-04c1-424b-9868-57a2d4851a1d" />
    <TestEntry testId="e86680bc-80a0-f327-463c-720b72dd0a5d" executionId="5af1ef20-6906-484f-a668-9faee446991d" testListId="8c84fa94-04c1-424b-9868-57a2d4851a1d" />
    <TestEntry testId="13001475-c73e-7ee6-1ce4-db3f9ecc1514" executionId="128e6a95-0158-4317-8fc0-2ae577268fff" testListId="8c84fa94-04c1-424b-9868-57a2d4851a1d" />
    <TestEntry testId="20b9de48-9823-fa99-17cc-7749d271cab8" executionId="6e86963b-37d4-42e6-a2f2-a9ee03a98c84" testListId="8c84fa94-04c1-424b-9868-57a2d4851a1d" />
    <TestEntry testId="7bf59ce6-0019-169c-2a88-6057522a1eed" executionId="2a82ffb9-936a-44d8-9188-1340bd5d8129" testListId="8c84fa94-04c1-424b-9868-57a2d4851a1d" />
    <TestEntry testId="484a8f1f-5c77-4ecc-0cff-b226b701393c" executionId="a883bb0e-8d6f-407f-8583-0e036898ab90" testListId="8c84fa94-04c1-424b-9868-57a2d4851a1d" />
    <TestEntry testId="e33ec94f-5ae7-69cf-5b8f-7211c5fbc5c8" executionId="bcb0b9c7-0bd1-4e7d-a181-57a17bbe18eb" testListId="8c84fa94-04c1-424b-9868-57a2d4851a1d" />
    <TestEntry testId="51f4bb65-7331-2975-d9b9-3a492158f31d" executionId="09c154e0-ace7-4751-931e-b6846940efc6" testListId="8c84fa94-04c1-424b-9868-57a2d4851a1d" />
    <TestEntry testId="401d9475-634b-03f4-6cd3-f10f0a000cea" executionId="f5183436-44a5-4b09-b430-9eda7c35a825" testListId="8c84fa94-04c1-424b-9868-57a2d4851a1d" />
    <TestEntry testId="52528005-2d4b-4e06-2584-41d103130981" executionId="e83c4895-e6f6-45ee-8bf2-3662bff0b35d" testListId="8c84fa94-04c1-424b-9868-57a2d4851a1d" />
    <TestEntry testId="9c34ad79-5b72-0d74-d8fb-d1a41763fce0" executionId="6023d73a-8ae9-435b-aab9-28e0c596e271" testListId="8c84fa94-04c1-424b-9868-57a2d4851a1d" />
    <TestEntry testId="6a58d4de-bd1b-ffac-a8ab-05cf58519761" executionId="cc2004d0-d163-4e17-ae4b-e6b710141d9c" testListId="8c84fa94-04c1-424b-9868-57a2d4851a1d" />
    <TestEntry testId="5451c12c-5622-210d-8b0f-478019944724" executionId="0000a066-1cb2-4c63-b590-6c8488802cb9" testListId="8c84fa94-04c1-424b-9868-57a2d4851a1d" />
    <TestEntry testId="121de143-dc61-73ab-b911-608ffc4ff650" executionId="085d3db7-8c0c-42d9-950a-c6c264fe2f8d" testListId="8c84fa94-04c1-424b-9868-57a2d4851a1d" />
    <TestEntry testId="6e73a76f-de9f-445f-6882-e446f7a9db1c" executionId="52671679-79e8-4da7-96c2-b4e6bedb4885" testListId="8c84fa94-04c1-424b-9868-57a2d4851a1d" />
    <TestEntry testId="e9f3131e-1ed5-3428-baf2-8a1788fba11b" executionId="b5462638-6fad-4238-863d-cc7afa5e6942" testListId="8c84fa94-04c1-424b-9868-57a2d4851a1d" />
    <TestEntry testId="533ddf97-36e2-adb0-fda7-aa077a625926" executionId="ee989dda-9890-4b05-8472-c005fa862749" testListId="8c84fa94-04c1-424b-9868-57a2d4851a1d" />
    <TestEntry testId="1c22d22e-2335-cd60-b624-67a8a0a16f79" executionId="5f47e018-ed1b-4b5a-a2a0-1b6e77bad533" testListId="8c84fa94-04c1-424b-9868-57a2d4851a1d" />
    <TestEntry testId="d4359438-1f8e-2796-5c2e-78d146c4053f" executionId="93494d0d-f500-4cea-90d8-f133ad78abd0" testListId="8c84fa94-04c1-424b-9868-57a2d4851a1d" />
    <TestEntry testId="93f93c1b-2a8f-1eaa-8be8-26a0ab2bdfa7" executionId="daad267b-3b9c-4072-80fb-e2b04c94415b" testListId="8c84fa94-04c1-424b-9868-57a2d4851a1d" />
    <TestEntry testId="984723c5-fa02-ce8c-0a37-f5426c106fe0" executionId="720f507d-7a1d-4110-81f6-8d44a6d47570" testListId="8c84fa94-04c1-424b-9868-57a2d4851a1d" />
    <TestEntry testId="6ab3f93d-f6a9-8ebb-4a69-2bd68f9588ec" executionId="ffd8dc8e-b36b-4529-b74c-8cfe96b15cdf" testListId="8c84fa94-04c1-424b-9868-57a2d4851a1d" />
    <TestEntry testId="ca8d9140-079e-620f-2102-d8afcce849f8" executionId="f31211e3-5564-400c-8a03-30f15d74f291" testListId="8c84fa94-04c1-424b-9868-57a2d4851a1d" />
    <TestEntry testId="f9ff0d69-9d21-429d-e219-15bae3f110f9" executionId="e5907092-546a-443e-9f51-a904d40d3a2a" testListId="8c84fa94-04c1-424b-9868-57a2d4851a1d" />
    <TestEntry testId="89a92042-ce86-c53d-dbf1-5cb7fa8d86f4" executionId="939f0aa0-b5f9-41ab-b3e4-9fd50363aef6" testListId="8c84fa94-04c1-424b-9868-57a2d4851a1d" />
    <TestEntry testId="e537c647-dfcc-538e-fd69-40fd208f623c" executionId="892d520b-eeaf-41e8-9cd5-d7415a47a4c7" testListId="8c84fa94-04c1-424b-9868-57a2d4851a1d" />
    <TestEntry testId="eafce870-d969-1e81-5560-c81cce7aac7d" executionId="04d13e4c-5d8f-4e99-831d-7250fc3ac009" testListId="8c84fa94-04c1-424b-9868-57a2d4851a1d" />
    <TestEntry testId="cdc0c4e9-4fbb-6df5-592e-6819240041d0" executionId="bd5095df-53cb-4380-82b4-94f554766528" testListId="8c84fa94-04c1-424b-9868-57a2d4851a1d" />
    <TestEntry testId="1bcb6004-6d19-f180-1dd9-5070429aea83" executionId="01f104b6-1fef-4bed-bedf-e85b76124adf" testListId="8c84fa94-04c1-424b-9868-57a2d4851a1d" />
    <TestEntry testId="54578713-5db8-7122-6094-5e24fd73b480" executionId="0df3a441-f97c-44c3-972e-c8310c591587" testListId="8c84fa94-04c1-424b-9868-57a2d4851a1d" />
    <TestEntry testId="81873ac9-a76f-aa39-d7b3-432e3db948b2" executionId="6d0de86c-90e3-492a-a84a-2c9df67c3ce4" testListId="8c84fa94-04c1-424b-9868-57a2d4851a1d" />
    <TestEntry testId="9b3cbc0f-c0ac-dda7-d2c2-90da9301480a" executionId="1cb5721a-de1e-4696-b4bc-262f6cf296c6" testListId="8c84fa94-04c1-424b-9868-57a2d4851a1d" />
    <TestEntry testId="500c3459-7f6e-c8c7-be44-0be05025dde5" executionId="17b737ff-e604-4590-bcf4-cef8c50f1cf7" testListId="8c84fa94-04c1-424b-9868-57a2d4851a1d" />
    <TestEntry testId="3b60de71-126a-17c7-7637-d340f4fbd69e" executionId="a161536d-a578-42e8-936b-5487dbdc605c" testListId="8c84fa94-04c1-424b-9868-57a2d4851a1d" />
    <TestEntry testId="90883288-75ab-8c27-7df3-735c6f8268ca" executionId="097fe41c-b4d6-4f95-813a-433fae8b2ce4" testListId="8c84fa94-04c1-424b-9868-57a2d4851a1d" />
    <TestEntry testId="0f313ecf-af78-6606-06e1-7e5e1cd96cc7" executionId="bf88c970-dc1c-48e1-9869-ce2ce35ee8df" testListId="8c84fa94-04c1-424b-9868-57a2d4851a1d" />
    <TestEntry testId="4e073298-5075-6dd8-a6a2-457df3b1d48e" executionId="e4592e97-66c8-4ad8-bf12-e8dcb0c023a9" testListId="8c84fa94-04c1-424b-9868-57a2d4851a1d" />
    <TestEntry testId="0fe974bc-f4c1-bc47-caec-a4400257cfe4" executionId="b146fe34-8411-411d-842a-c2feab3c5a10" testListId="8c84fa94-04c1-424b-9868-57a2d4851a1d" />
    <TestEntry testId="5d1b5928-8326-1f72-d8dc-2a0d1427da47" executionId="bf08d827-d863-49db-9a9a-06d7b8ee7482" testListId="8c84fa94-04c1-424b-9868-57a2d4851a1d" />
    <TestEntry testId="9cad94b5-1455-a18c-28be-94b80b3cc05e" executionId="186cfb70-b768-4bcf-a0f0-6928dec2e763" testListId="8c84fa94-04c1-424b-9868-57a2d4851a1d" />
    <TestEntry testId="e15c7488-0f6b-22f4-1666-f77baf50a7ae" executionId="05b22722-311b-4d8e-b750-c20afa4c9aa1" testListId="8c84fa94-04c1-424b-9868-57a2d4851a1d" />
    <TestEntry testId="46a93b2a-4578-241d-122d-57f1b5f0f321" executionId="8414e516-e436-4251-a18d-3a6c1ed01178" testListId="8c84fa94-04c1-424b-9868-57a2d4851a1d" />
    <TestEntry testId="de412bde-326e-dd6a-1b41-621cb03a7ab7" executionId="14b501be-bd2d-4e30-a2f0-d6f4e7382d30" testListId="8c84fa94-04c1-424b-9868-57a2d4851a1d" />
    <TestEntry testId="1cecfb52-2c5c-c1e3-5583-91b828ea3c36" executionId="f87f7046-db40-4bc9-94ea-23fa19dcf657" testListId="8c84fa94-04c1-424b-9868-57a2d4851a1d" />
    <TestEntry testId="496d8436-9bd9-97f5-4174-9be7bc80a4a5" executionId="8851ce51-783d-4ef7-b1e8-797d91b1db11" testListId="8c84fa94-04c1-424b-9868-57a2d4851a1d" />
    <TestEntry testId="932c1154-14c2-7e7b-e613-0f1b7b9257d5" executionId="3ca254de-8b1c-4706-b7bf-e5f744e30a52" testListId="8c84fa94-04c1-424b-9868-57a2d4851a1d" />
    <TestEntry testId="157d8de4-a863-26b1-3c58-cd29472c7a50" executionId="da5e2fe5-34cc-4cda-b170-d19879568e92" testListId="8c84fa94-04c1-424b-9868-57a2d4851a1d" />
    <TestEntry testId="b9e1fe30-af7f-e0bc-16e6-cd5c61ddbb7d" executionId="caa2e11a-434f-48ba-86d4-223f6ab19946" testListId="8c84fa94-04c1-424b-9868-57a2d4851a1d" />
    <TestEntry testId="daf685cc-98d9-50ab-2320-04a40bb7eb19" executionId="93f3c993-7255-4013-b4e5-bcb1766424b8" testListId="8c84fa94-04c1-424b-9868-57a2d4851a1d" />
    <TestEntry testId="45f46789-dc82-6196-a876-f83d6a3781b7" executionId="7d110a8c-9217-487d-8452-d6afb1d3e009" testListId="8c84fa94-04c1-424b-9868-57a2d4851a1d" />
    <TestEntry testId="0f211c5a-1350-9959-6a40-595f91d64425" executionId="fb55cadb-198d-4b46-949a-bb8ce7405b51" testListId="8c84fa94-04c1-424b-9868-57a2d4851a1d" />
    <TestEntry testId="bb1673b5-2900-781b-0350-2bc6acf068c9" executionId="380ecd42-5bc5-4931-b82e-ab5ec7aa91a1" testListId="8c84fa94-04c1-424b-9868-57a2d4851a1d" />
    <TestEntry testId="c633b341-dee6-4cc8-4781-4c01f7a296b1" executionId="2800082c-f1e9-4a96-8ba6-81d5d5a24c16" testListId="8c84fa94-04c1-424b-9868-57a2d4851a1d" />
    <TestEntry testId="678edd87-0e61-713c-86f7-841468b52a1e" executionId="8503504e-ea7a-4c1d-b167-4f5c7136c09b" testListId="8c84fa94-04c1-424b-9868-57a2d4851a1d" />
    <TestEntry testId="654937b4-4d1d-4703-f833-e2dc2dc93eca" executionId="5eee5ffe-5b7b-45ff-8e28-230b80cf555e" testListId="8c84fa94-04c1-424b-9868-57a2d4851a1d" />
    <TestEntry testId="0c65abd2-3db9-6e93-4cba-267233a70482" executionId="43cd5d8c-0f3b-453e-a101-ffada14ce943" testListId="8c84fa94-04c1-424b-9868-57a2d4851a1d" />
    <TestEntry testId="b8ead11d-0faf-5557-1663-9f2b0d08e331" executionId="e8d28dda-6920-4081-a0ff-a46117221647" testListId="8c84fa94-04c1-424b-9868-57a2d4851a1d" />
    <TestEntry testId="d5abf57f-2880-88fd-40f4-70a440f349d4" executionId="30979c08-376f-48ed-b41e-4778954df772" testListId="8c84fa94-04c1-424b-9868-57a2d4851a1d" />
    <TestEntry testId="86871b15-3d0d-6b83-9903-49ca1265cdd4" executionId="48e037bc-51d5-477e-892d-82e88d760504" testListId="8c84fa94-04c1-424b-9868-57a2d4851a1d" />
    <TestEntry testId="2a8fac50-2810-93bc-0b40-9dab3e812605" executionId="37eeec51-9322-4c5a-9c24-2203560cd48f" testListId="8c84fa94-04c1-424b-9868-57a2d4851a1d" />
    <TestEntry testId="3ef51ef1-4b47-8517-8960-876ffa5e3d10" executionId="c6420a8e-28f9-4467-a4ba-c434dbea923e" testListId="8c84fa94-04c1-424b-9868-57a2d4851a1d" />
    <TestEntry testId="4bed924e-99b2-6e68-784d-07340942a9a6" executionId="9eec3b22-89fb-49bc-9e83-c785a4ec13da" testListId="8c84fa94-04c1-424b-9868-57a2d4851a1d" />
    <TestEntry testId="67de20bc-4329-0e3b-4f5e-f210a971299b" executionId="c67c2877-a63f-4c27-8ca4-aea179c9a551" testListId="8c84fa94-04c1-424b-9868-57a2d4851a1d" />
    <TestEntry testId="10029aff-6e3e-349b-ab84-c87eeaf5e199" executionId="9fac9156-9f36-4e24-8c39-0cb22ec4994a" testListId="8c84fa94-04c1-424b-9868-57a2d4851a1d" />
    <TestEntry testId="97ec15cd-2c74-d694-a4f2-4d63e911b891" executionId="20255029-362f-47f3-9c1c-620610a2a425" testListId="8c84fa94-04c1-424b-9868-57a2d4851a1d" />
    <TestEntry testId="98eeb1db-4c96-7e64-6342-88ee812691f2" executionId="4eaa2eb9-6b33-433c-ac0f-a1946881a9a5" testListId="8c84fa94-04c1-424b-9868-57a2d4851a1d" />
    <TestEntry testId="401d9475-634b-03f4-6cd3-f10f0a000cea" executionId="191c8492-c6aa-4310-8d13-531f24f200a4" testListId="8c84fa94-04c1-424b-9868-57a2d4851a1d" />
    <TestEntry testId="3a63891a-adfe-ca9e-5366-820a43c510e6" executionId="e27de7dc-fdb7-45d5-a85b-e14cd4cc343f" testListId="8c84fa94-04c1-424b-9868-57a2d4851a1d" />
    <TestEntry testId="401d9475-634b-03f4-6cd3-f10f0a000cea" executionId="fac62246-7ffa-46d5-92b0-6f5b1d4d18a8" testListId="8c84fa94-04c1-424b-9868-57a2d4851a1d" />
    <TestEntry testId="550a57df-bcc7-23d4-77d8-bc6a10759daf" executionId="04ab1168-11eb-4917-a2a1-c9a93286a893" testListId="8c84fa94-04c1-424b-9868-57a2d4851a1d" />
    <TestEntry testId="711d0433-04e7-1eaa-805a-50c518dee0ed" executionId="a427a264-729a-46b5-b650-f29b63e7f358" testListId="8c84fa94-04c1-424b-9868-57a2d4851a1d" />
    <TestEntry testId="0ff71a3d-160e-2722-a784-b23cc4706fa5" executionId="de972eda-1886-4a55-90c2-f66cd1a40db3" testListId="8c84fa94-04c1-424b-9868-57a2d4851a1d" />
    <TestEntry testId="00fbb3a7-a3c6-a7a8-a2df-9dde0acf0c21" executionId="d8ee2634-656a-4eae-ac05-0429d1c13bb1" testListId="8c84fa94-04c1-424b-9868-57a2d4851a1d" />
    <TestEntry testId="fe1799f7-dac2-8fd1-15fd-157147090426" executionId="40787dcf-e346-4316-9bc4-b9dc5f6e6837" testListId="8c84fa94-04c1-424b-9868-57a2d4851a1d" />
    <TestEntry testId="26603e92-2ed0-b1a9-8a52-b78b7499f3f8" executionId="68c59bfa-b260-4a4a-8ca2-22d9b64126f4" testListId="8c84fa94-04c1-424b-9868-57a2d4851a1d" />
    <TestEntry testId="3ef1d0fb-3a1f-8aaa-13ca-8f56295b240e" executionId="e57addff-454f-4d48-8957-2a9885438e8c" testListId="8c84fa94-04c1-424b-9868-57a2d4851a1d" />
    <TestEntry testId="fefd8d29-c12e-3fb3-22a9-ead5dbf11e22" executionId="d3e273b2-7d2b-4566-b095-86b7a0f43da3" testListId="8c84fa94-04c1-424b-9868-57a2d4851a1d" />
    <TestEntry testId="d9ec7457-5625-cbeb-c407-eebe4473fcfe" executionId="89c0b824-d95a-4ac3-927d-915e1e917735" testListId="8c84fa94-04c1-424b-9868-57a2d4851a1d" />
    <TestEntry testId="d31bd4bf-5ea0-b42e-ae43-656a8855fec5" executionId="944dc1c0-b34c-43ae-93e3-fed8f46efec6" testListId="8c84fa94-04c1-424b-9868-57a2d4851a1d" />
    <TestEntry testId="48f21c41-e84a-3240-646b-a644cdbaca6f" executionId="e0f209d2-a9ba-4b62-9c89-58563eecddf4" testListId="8c84fa94-04c1-424b-9868-57a2d4851a1d" />
    <TestEntry testId="f432510a-93c0-25a1-0f11-8f6b80e70c05" executionId="6c71cf87-f0a5-48a5-a35d-2231eaacc172" testListId="8c84fa94-04c1-424b-9868-57a2d4851a1d" />
    <TestEntry testId="a4a4f6c9-cf3f-34d5-eb03-1385407201ea" executionId="909fc1db-5c9e-4376-8190-34c738ded1cd" testListId="8c84fa94-04c1-424b-9868-57a2d4851a1d" />
    <TestEntry testId="78646782-8595-ef06-030f-3d4186cc417c" executionId="e58418db-0a00-4768-ad9b-65c9868b64fe" testListId="8c84fa94-04c1-424b-9868-57a2d4851a1d" />
    <TestEntry testId="17bf0cc2-c0cd-984c-9f1c-af22c66f240e" executionId="97baf50f-41fd-4e43-b20c-6848a4d6b2ef" testListId="8c84fa94-04c1-424b-9868-57a2d4851a1d" />
    <TestEntry testId="f8929232-39ce-6abb-4a35-a5ade9e68194" executionId="37cc7a5b-0576-434e-a063-a7706c2940d1" testListId="8c84fa94-04c1-424b-9868-57a2d4851a1d" />
    <TestEntry testId="f0ffe78d-cca2-b226-1c46-cea0ff7c963c" executionId="17440243-c3e3-429c-b71f-ddf6ccb8945d" testListId="8c84fa94-04c1-424b-9868-57a2d4851a1d" />
    <TestEntry testId="756650e3-ab29-9bb2-f6f6-9370917ac852" executionId="9806f400-3577-427e-8d79-02a6a75e7a5c" testListId="8c84fa94-04c1-424b-9868-57a2d4851a1d" />
    <TestEntry testId="6185bea5-97ad-22de-9ef9-c3321353cec9" executionId="5c66f9ac-78be-4d04-ba01-4f6ac502079f" testListId="8c84fa94-04c1-424b-9868-57a2d4851a1d" />
  </TestEntries>
  <TestLists>
    <TestList name="Results Not in a List" id="8c84fa94-04c1-424b-9868-57a2d4851a1d" />
    <TestList name="All Loaded Results" id="19431567-8539-422a-85d7-44ee4e166bda" />
  </TestLists>
  <ResultSummary outcome="Completed">
    <Counters total="132" executed="132" passed="132" failed="0" error="0" timeout="0" aborted="0" inconclusive="0" passedButRunAborted="0" notRunnable="0" notExecuted="0" disconnected="0" warning="0" completed="0" inProgress="0" pending="0" />
    <Output>
      <StdOut>[xUnit.net 00:00:00.00] xUnit.net VSTest Adapter v3.1.4+50e68bbb8b (64-bit .NET 10.0.9)&#xD;
[xUnit.net 00:00:00.95]   Discovering: gtas_vpp_be.Tests&#xD;
[xUnit.net 00:00:01.03]   Discovered:  gtas_vpp_be.Tests&#xD;
[xUnit.net 00:00:01.09]   Starting:    gtas_vpp_be.Tests&#xD;
[xUnit.net 00:00:05.13]   Finished:    gtas_vpp_be.Tests&#xD;
</StdOut>
    </Output>
  </ResultSummary>
</TestRun>