<?xml version="1.0" encoding="utf-8"?>
<TestRun id="6222da00-2014-4f12-86af-391ec979c3f6" name="MIIKEY@MKGAME 2026-07-13 10:09:08" runUser="MKGAME\MIIKEY" xmlns="http://microsoft.com/schemas/VisualStudio/TeamTest/2010">
  <Times creation="2026-07-13T10:09:08.0561132+07:00" queuing="2026-07-13T10:09:08.0561134+07:00" start="2026-07-13T10:09:03.6045462+07:00" finish="2026-07-13T10:09:08.1673037+07:00" />
  <TestSettings name="default" id="a727baed-c503-4dbe-9655-560bbb69b19a">
    <Deployment runDeploymentRoot="MIIKEY_MKGAME_2026-07-13_10_09_08" />
  </TestSettings>
  <Results>
    <UnitTestResult executionId="086c3e9a-b48c-40b3-9b5b-0d308ab9009d" testId="9779f15d-43ca-dec6-0690-237dc6512276" testName="gtas_vpp_fe.Tests.Helpers.ApiBaseUrlResolverTests.ShouldBypassServerCertificateValidation_MatchesEnvironmentAndAddress(isDevelopment: True, rawBaseUrl: &quot;http://127.0.0.1:5092&quot;, expected: False)" computerName="MKGAME" duration="00:00:00.0000108" startTime="2026-07-13T10:09:08.0403844+07:00" endTime="2026-07-13T10:09:08.0404418+07:00" testType="13cdc9d9-ddb5-4fa4-a97d-d965ccfc6d4b" outcome="Passed" testListId="8c84fa94-04c1-424b-9868-57a2d4851a1d" relativeResultsDirectory="086c3e9a-b48c-40b3-9b5b-0d308ab9009d" />
    <UnitTestResult executionId="31b981b1-1574-4735-8a6b-90544ba48f6c" testId="6960cebe-3364-2cc1-6a6d-9ebde07bb840" testName="gtas_vpp_fe.Tests.Helpers.ApiBaseUrlResolverTests.Resolve_NormalizesWildcardHttpHosts(rawBaseUrl: &quot;http://0.0.0.0:5092&quot;, expected: &quot;http://127.0.0.1:5092/&quot;)" computerName="MKGAME" duration="00:00:00.0000183" startTime="2026-07-13T10:09:08.0259470+07:00" endTime="2026-07-13T10:09:08.0260054+07:00" testType="13cdc9d9-ddb5-4fa4-a97d-d965ccfc6d4b" outcome="Passed" testListId="8c84fa94-04c1-424b-9868-57a2d4851a1d" relativeResultsDirectory="31b981b1-1574-4735-8a6b-90544ba48f6c" />
    <UnitTestResult executionId="ec10281b-6094-40c4-bf47-a68bf5e0165b" testId="af9e279b-e792-4fa6-ba00-893c0da35c65" testName="gtas_vpp_fe.Tests.Helpers.DateFormatterTests.Format_Nullable_Null_ReturnsDash" computerName="MKGAME" duration="00:00:00.0000887" startTime="2026-07-13T10:09:08.0469487+07:00" endTime="2026-07-13T10:09:08.0470204+07:00" testType="13cdc9d9-ddb5-4fa4-a97d-d965ccfc6d4b" outcome="Passed" testListId="8c84fa94-04c1-424b-9868-57a2d4851a1d" relativeResultsDirectory="ec10281b-6094-40c4-bf47-a68bf5e0165b" />
    <UnitTestResult executionId="33d32409-e7c3-4fbf-b351-5dfcdeca42ec" testId="cf338683-91b7-85f4-54ab-f1ecee2763af" testName="gtas_vpp_fe.Tests.Helpers.ApiBaseUrlResolverTests.ShouldBypassServerCertificateValidation_MatchesEnvironmentAndAddress(isDevelopment: True, rawBaseUrl: &quot;https://backend:8080&quot;, expected: False)" computerName="MKGAME" duration="00:00:00.0036426" startTime="2026-07-13T10:09:08.0270485+07:00" endTime="2026-07-13T10:09:08.0401086+07:00" testType="13cdc9d9-ddb5-4fa4-a97d-d965ccfc6d4b" outcome="Passed" testListId="8c84fa94-04c1-424b-9868-57a2d4851a1d" relativeResultsDirectory="33d32409-e7c3-4fbf-b351-5dfcdeca42ec" />
    <UnitTestResult executionId="f53cc95b-fe32-40ee-baa4-e9b74b935108" testId="44a6fad6-d713-4891-cc03-e3d8555df2f7" testName="gtas_vpp_fe.Tests.Helpers.DateFormatterTests.Format_ShortDate_RendersDayMonthYear(iso: &quot;2026-01-01&quot;, expected: &quot;01/01/2026&quot;)" computerName="MKGAME" duration="00:00:00.0000115" startTime="2026-07-13T10:09:08.0275050+07:00" endTime="2026-07-13T10:09:08.0275614+07:00" testType="13cdc9d9-ddb5-4fa4-a97d-d965ccfc6d4b" outcome="Passed" testListId="8c84fa94-04c1-424b-9868-57a2d4851a1d" relativeResultsDirectory="f53cc95b-fe32-40ee-baa4-e9b74b935108" />
    <UnitTestResult executionId="77cec266-7262-4230-b200-d116c5aa0f33" testId="8a2b9043-e353-f757-a555-0021f31719b8" testName="gtas_vpp_fe.Tests.Helpers.ApiBaseUrlResolverTests.Resolve_NormalizesWildcardHttpHosts(rawBaseUrl: &quot;http://+:5092&quot;, expected: &quot;http://127.0.0.1:5092/&quot;)" computerName="MKGAME" duration="00:00:00.5404133" startTime="2026-07-13T10:09:07.4695697+07:00" endTime="2026-07-13T10:09:08.0127049+07:00" testType="13cdc9d9-ddb5-4fa4-a97d-d965ccfc6d4b" outcome="Passed" testListId="8c84fa94-04c1-424b-9868-57a2d4851a1d" relativeResultsDirectory="77cec266-7262-4230-b200-d116c5aa0f33" />
    <UnitTestResult executionId="92b351eb-db37-4a89-94fb-ac1185d3823b" testId="6c9c2e5e-7bb0-b345-df05-de03cca3f0a8" testName="gtas_vpp_fe.Tests.Helpers.DateFormatterTests.Format_LongDate_RendersTimeAndDate(iso: &quot;2026-04-05T00:00:00&quot;, expected: &quot;00:00 05/04/2026&quot;)" computerName="MKGAME" duration="00:00:00.0001439" startTime="2026-07-13T10:09:08.0277179+07:00" endTime="2026-07-13T10:09:08.0277713+07:00" testType="13cdc9d9-ddb5-4fa4-a97d-d965ccfc6d4b" outcome="Passed" testListId="8c84fa94-04c1-424b-9868-57a2d4851a1d" relativeResultsDirectory="92b351eb-db37-4a89-94fb-ac1185d3823b" />
    <UnitTestResult executionId="9ed4eae2-92f8-43f5-92f4-5482f19d9e0f" testId="13457d5f-d833-feb7-06cd-c6eab585a132" testName="gtas_vpp_fe.Tests.Helpers.ApiBaseUrlResolverTests.ShouldBypassServerCertificateValidation_MatchesEnvironmentAndAddress(isDevelopment: False, rawBaseUrl: &quot;https://localhost:7267&quot;, expected: False)" computerName="MKGAME" duration="00:00:00.0000055" startTime="2026-07-13T10:09:08.0407138+07:00" endTime="2026-07-13T10:09:08.0407685+07:00" testType="13cdc9d9-ddb5-4fa4-a97d-d965ccfc6d4b" outcome="Passed" testListId="8c84fa94-04c1-424b-9868-57a2d4851a1d" relativeResultsDirectory="9ed4eae2-92f8-43f5-92f4-5482f19d9e0f" />
    <UnitTestResult executionId="01eca5f3-85f0-478f-9839-e9679dae83b4" testId="1e7d22f1-df21-0c21-02e6-32abf008e464" testName="gtas_vpp_fe.Tests.Helpers.DateFormatterTests.Format_TimeOnly_RendersHourAndMinute(iso: &quot;2026-04-05T14:30:00&quot;, expected: &quot;14:30&quot;)" computerName="MKGAME" duration="00:00:00.0001382" startTime="2026-07-13T10:09:08.0460153+07:00" endTime="2026-07-13T10:09:08.0460687+07:00" testType="13cdc9d9-ddb5-4fa4-a97d-d965ccfc6d4b" outcome="Passed" testListId="8c84fa94-04c1-424b-9868-57a2d4851a1d" relativeResultsDirectory="01eca5f3-85f0-478f-9839-e9679dae83b4" />
    <UnitTestResult executionId="22c9581f-3fe5-417f-8ce3-f76d5f27c865" testId="0e069246-c316-08a5-8b33-2a7063268000" testName="gtas_vpp_fe.Tests.Helpers.ApiBaseUrlResolverTests.Resolve_NormalizesWildcardHttpHosts(rawBaseUrl: &quot;http://*:5092&quot;, expected: &quot;http://127.0.0.1:5092/&quot;)" computerName="MKGAME" duration="00:00:00.0002367" startTime="2026-07-13T10:09:08.0251839+07:00" endTime="2026-07-13T10:09:08.0252464+07:00" testType="13cdc9d9-ddb5-4fa4-a97d-d965ccfc6d4b" outcome="Passed" testListId="8c84fa94-04c1-424b-9868-57a2d4851a1d" relativeResultsDirectory="22c9581f-3fe5-417f-8ce3-f76d5f27c865" />
    <UnitTestResult executionId="ee4967ed-ec95-42a3-8c04-fb0dd9b3d144" testId="94a1475b-bcbe-0934-9b93-afbce20a496d" testName="gtas_vpp_fe.Tests.Helpers.DateFormatterTests.Format_MonthYear_RendersMonthAndYear(iso: &quot;2026-12-15&quot;, expected: &quot;12/2026&quot;)" computerName="MKGAME" duration="00:00:00.0001650" startTime="2026-07-13T10:09:08.0456734+07:00" endTime="2026-07-13T10:09:08.0457267+07:00" testType="13cdc9d9-ddb5-4fa4-a97d-d965ccfc6d4b" outcome="Passed" testListId="8c84fa94-04c1-424b-9868-57a2d4851a1d" relativeResultsDirectory="ee4967ed-ec95-42a3-8c04-fb0dd9b3d144" />
    <UnitTestResult executionId="9fa4245e-4e1b-44db-bdb0-d4e65d7fff57" testId="4ed606f7-b66a-ede5-c1e8-ada56197a7f6" testName="gtas_vpp_fe.Tests.Helpers.DateFormatterTests.Format_IsCultureStable_AcrossThreadCulture" computerName="MKGAME" duration="00:00:00.0086964" startTime="2026-07-13T10:09:08.0400498+07:00" endTime="2026-07-13T10:09:08.0451351+07:00" testType="13cdc9d9-ddb5-4fa4-a97d-d965ccfc6d4b" outcome="Passed" testListId="8c84fa94-04c1-424b-9868-57a2d4851a1d" relativeResultsDirectory="9fa4245e-4e1b-44db-bdb0-d4e65d7fff57" />
    <UnitTestResult executionId="2a5f93aa-efad-46eb-9b01-9a1cc3d08d92" testId="a1aa777d-7786-bcae-7ba2-3a2e5c6f089c" testName="gtas_vpp_fe.Tests.Helpers.DateFormatterTests.Constants_Match_AuditSpec" computerName="MKGAME" duration="00:00:00.0000913" startTime="2026-07-13T10:09:08.0453170+07:00" endTime="2026-07-13T10:09:08.0453749+07:00" testType="13cdc9d9-ddb5-4fa4-a97d-d965ccfc6d4b" outcome="Passed" testListId="8c84fa94-04c1-424b-9868-57a2d4851a1d" relativeResultsDirectory="2a5f93aa-efad-46eb-9b01-9a1cc3d08d92" />
    <UnitTestResult executionId="79eec897-6f50-495e-85bd-f284346e0411" testId="2d8bf75a-7fdf-1c8a-54ab-66081e936763" testName="gtas_vpp_fe.Tests.Helpers.DateFormatterTests.Format_LongDate_RendersTimeAndDate(iso: &quot;2026-04-05T14:30:00&quot;, expected: &quot;14:30 05/04/2026&quot;)" computerName="MKGAME" duration="00:00:00.0000097" startTime="2026-07-13T10:09:08.0395748+07:00" endTime="2026-07-13T10:09:08.0396509+07:00" testType="13cdc9d9-ddb5-4fa4-a97d-d965ccfc6d4b" outcome="Passed" testListId="8c84fa94-04c1-424b-9868-57a2d4851a1d" relativeResultsDirectory="79eec897-6f50-495e-85bd-f284346e0411" />
    <UnitTestResult executionId="107571d5-b012-43a0-a383-e8797953b93e" testId="abe74dac-59fd-8c93-fe3d-f4622e822f51" testName="gtas_vpp_fe.Tests.Helpers.DateFormatterTests.Format_ShortDate_RendersDayMonthYear(iso: &quot;2026-04-05&quot;, expected: &quot;05/04/2026&quot;)" computerName="MKGAME" duration="00:00:00.0002012" startTime="2026-07-13T10:09:08.0273167+07:00" endTime="2026-07-13T10:09:08.0273820+07:00" testType="13cdc9d9-ddb5-4fa4-a97d-d965ccfc6d4b" outcome="Passed" testListId="8c84fa94-04c1-424b-9868-57a2d4851a1d" relativeResultsDirectory="107571d5-b012-43a0-a383-e8797953b93e" />
    <UnitTestResult executionId="d7b21e4c-d435-4b29-824b-1f8ff068d6cf" testId="e7c28b01-735e-9333-14c2-2763df938c57" testName="gtas_vpp_fe.Tests.Helpers.ApiBaseUrlResolverTests.ShouldBypassServerCertificateValidation_MatchesEnvironmentAndAddress(isDevelopment: True, rawBaseUrl: &quot;https://localhost:7267&quot;, expected: True)" computerName="MKGAME" duration="00:00:00.0002974" startTime="2026-07-13T10:09:08.0402202+07:00" endTime="2026-07-13T10:09:08.0402765+07:00" testType="13cdc9d9-ddb5-4fa4-a97d-d965ccfc6d4b" outcome="Passed" testListId="8c84fa94-04c1-424b-9868-57a2d4851a1d" relativeResultsDirectory="d7b21e4c-d435-4b29-824b-1f8ff068d6cf" />
    <UnitTestResult executionId="56e8033c-e611-499d-92b0-2f04171f0fa0" testId="24a6e9bc-33a8-9645-e497-6d3349336f0c" testName="gtas_vpp_fe.Tests.Helpers.ApiBaseUrlResolverTests.Resolve_NormalizesWildcardHttpsHosts(rawBaseUrl: &quot;https://0.0.0.0:7267&quot;, expected: &quot;https://localhost:7267/&quot;)" computerName="MKGAME" duration="00:00:00.0001199" startTime="2026-07-13T10:09:08.0409294+07:00" endTime="2026-07-13T10:09:08.0409904+07:00" testType="13cdc9d9-ddb5-4fa4-a97d-d965ccfc6d4b" outcome="Passed" testListId="8c84fa94-04c1-424b-9868-57a2d4851a1d" relativeResultsDirectory="56e8033c-e611-499d-92b0-2f04171f0fa0" />
    <UnitTestResult executionId="cc2155c5-8c53-41a3-a923-6a85bd1bffa6" testId="3fa093bd-2a26-b09d-0019-b568464226e5" testName="gtas_vpp_fe.Tests.Helpers.ApiBaseUrlResolverTests.Resolve_LeavesConcreteHostUntouched" computerName="MKGAME" duration="00:00:00.0001809" startTime="2026-07-13T10:09:08.0433513+07:00" endTime="2026-07-13T10:09:08.0434053+07:00" testType="13cdc9d9-ddb5-4fa4-a97d-d965ccfc6d4b" outcome="Passed" testListId="8c84fa94-04c1-424b-9868-57a2d4851a1d" relativeResultsDirectory="cc2155c5-8c53-41a3-a923-6a85bd1bffa6" />
    <UnitTestResult executionId="d83dc428-83c3-4e6a-b2e0-9ef4d38cf999" testId="a95380df-b830-8990-2a52-5b36d4f34f52" testName="gtas_vpp_fe.Tests.Helpers.DateFormatterTests.Format_TimeOnly_RendersHourAndMinute(iso: &quot;2026-04-05T00:05:00&quot;, expected: &quot;00:05&quot;)" computerName="MKGAME" duration="00:00:00.0001041" startTime="2026-07-13T10:09:08.0458615+07:00" endTime="2026-07-13T10:09:08.0459158+07:00" testType="13cdc9d9-ddb5-4fa4-a97d-d965ccfc6d4b" outcome="Passed" testListId="8c84fa94-04c1-424b-9868-57a2d4851a1d" relativeResultsDirectory="d83dc428-83c3-4e6a-b2e0-9ef4d38cf999" />
    <UnitTestResult executionId="27f90c6f-fe17-41c3-a8e7-f1a670fa115f" testId="031a278d-2eab-fa7d-d113-7424fd3faad2" testName="gtas_vpp_fe.Tests.Helpers.DateFormatterTests.Format_MonthYear_RendersMonthAndYear(iso: &quot;2026-04-01&quot;, expected: &quot;04/2026&quot;)" computerName="MKGAME" duration="00:00:00.0001066" startTime="2026-07-13T10:09:08.0455146+07:00" endTime="2026-07-13T10:09:08.0455734+07:00" testType="13cdc9d9-ddb5-4fa4-a97d-d965ccfc6d4b" outcome="Passed" testListId="8c84fa94-04c1-424b-9868-57a2d4851a1d" relativeResultsDirectory="27f90c6f-fe17-41c3-a8e7-f1a670fa115f" />
    <UnitTestResult executionId="013b9393-3350-4d0b-aae8-0c842ea11a7e" testId="bcb2294c-3fb1-9375-0957-b43e19764b08" testName="gtas_vpp_fe.Tests.Helpers.ApiBaseUrlResolverTests.ShouldBypassServerCertificateValidation_MatchesEnvironmentAndAddress(isDevelopment: True, rawBaseUrl: &quot;https://127.0.0.1:7267&quot;, expected: True)" computerName="MKGAME" duration="00:00:00.0000083" startTime="2026-07-13T10:09:08.0405480+07:00" endTime="2026-07-13T10:09:08.0406089+07:00" testType="13cdc9d9-ddb5-4fa4-a97d-d965ccfc6d4b" outcome="Passed" testListId="8c84fa94-04c1-424b-9868-57a2d4851a1d" relativeResultsDirectory="013b9393-3350-4d0b-aae8-0c842ea11a7e" />
    <UnitTestResult executionId="bf1c6739-6091-406c-b9d9-667cc9342cbb" testId="cb09c019-c8fa-a6e9-b5a8-94d34efa285b" testName="gtas_vpp_fe.Tests.Helpers.DateFormatterTests.Format_ShortDate_RendersDayMonthYear(iso: &quot;2026-12-31&quot;, expected: &quot;31/12/2026&quot;)" computerName="MKGAME" duration="00:00:00.5435516" startTime="2026-07-13T10:09:07.4615288+07:00" endTime="2026-07-13T10:09:08.0184480+07:00" testType="13cdc9d9-ddb5-4fa4-a97d-d965ccfc6d4b" outcome="Passed" testListId="8c84fa94-04c1-424b-9868-57a2d4851a1d" relativeResultsDirectory="bf1c6739-6091-406c-b9d9-667cc9342cbb" />
    <UnitTestResult executionId="f013dea7-8243-4d4c-9e89-4f94bf391f23" testId="42c59d2b-9ba9-4370-09db-22bb3a64754a" testName="gtas_vpp_fe.Tests.Helpers.DateFormatterTests.Format_LongDate_RendersTimeAndDate(iso: &quot;2026-04-05T23:59:59&quot;, expected: &quot;23:59 05/04/2026&quot;)" computerName="MKGAME" duration="00:00:00.0001577" startTime="2026-07-13T10:09:08.0278744+07:00" endTime="2026-07-13T10:09:08.0279243+07:00" testType="13cdc9d9-ddb5-4fa4-a97d-d965ccfc6d4b" outcome="Passed" testListId="8c84fa94-04c1-424b-9868-57a2d4851a1d" relativeResultsDirectory="f013dea7-8243-4d4c-9e89-4f94bf391f23" />
    <UnitTestResult executionId="fc4bf7a0-2af4-4e88-9d85-e944017fd5c8" testId="4bbf71f3-75d1-a3ee-36bc-29a555d32ff2" testName="gtas_vpp_fe.Tests.Helpers.ApiBaseUrlResolverTests.Resolve_NormalizesWildcardHttpsHosts(rawBaseUrl: &quot;https://[::]:7267&quot;, expected: &quot;https://localhost:7267/&quot;)" computerName="MKGAME" duration="00:00:00.0012468" startTime="2026-07-13T10:09:08.0428819+07:00" endTime="2026-07-13T10:09:08.0429594+07:00" testType="13cdc9d9-ddb5-4fa4-a97d-d965ccfc6d4b" outcome="Passed" testListId="8c84fa94-04c1-424b-9868-57a2d4851a1d" relativeResultsDirectory="fc4bf7a0-2af4-4e88-9d85-e944017fd5c8" />
    <UnitTestResult executionId="7c5f3339-f9f4-467c-9de4-90eaf455274d" testId="0e71225f-67e9-e897-5022-e72bd55537b5" testName="gtas_vpp_fe.Tests.Helpers.DateFormatterTests.Format_NonNull_OverloadMatchesNullable" computerName="MKGAME" duration="00:00:00.0002307" startTime="2026-07-13T10:09:08.0398336+07:00" endTime="2026-07-13T10:09:08.0398918+07:00" testType="13cdc9d9-ddb5-4fa4-a97d-d965ccfc6d4b" outcome="Passed" testListId="8c84fa94-04c1-424b-9868-57a2d4851a1d" relativeResultsDirectory="7c5f3339-f9f4-467c-9de4-90eaf455274d" />
    <UnitTestResult executionId="b233a2e9-6ec7-4353-ad5b-43e6deab9283" testId="355ead5f-74fa-236f-65a2-9cb629f64da4" testName="gtas_vpp_fe.Tests.Helpers.ApiBaseUrlResolverTests.Resolve_ThrowsForMissingBaseUrl" computerName="MKGAME" duration="00:00:00.0007641" startTime="2026-07-13T10:09:08.0431498+07:00" endTime="2026-07-13T10:09:08.0432076+07:00" testType="13cdc9d9-ddb5-4fa4-a97d-d965ccfc6d4b" outcome="Passed" testListId="8c84fa94-04c1-424b-9868-57a2d4851a1d" relativeResultsDirectory="b233a2e9-6ec7-4353-ad5b-43e6deab9283" />
  </Results>
  <TestDefinitions>
    <UnitTest name="gtas_vpp_fe.Tests.Helpers.ApiBaseUrlResolverTests.ShouldBypassServerCertificateValidation_MatchesEnvironmentAndAddress(isDevelopment: True, rawBaseUrl: &quot;http://127.0.0.1:5092&quot;, expected: False)" storage="d:\work\gtas_vpp\gtas_vpp_fe.tests\bin\debug\net10.0\gtas_vpp_fe.tests.dll" id="9779f15d-43ca-dec6-0690-237dc6512276">
      <Execution id="086c3e9a-b48c-40b3-9b5b-0d308ab9009d" />
      <TestMethod codeBase="D:\WORK\gtas_vpp\gtas_vpp_fe.Tests\bin\Debug\net10.0\gtas_vpp_fe.Tests.dll" adapterTypeName="executor://xunit/VsTestRunner3/netcore/" className="gtas_vpp_fe.Tests.Helpers.ApiBaseUrlResolverTests" name="ShouldBypassServerCertificateValidation_MatchesEnvironmentAndAddress" />
    </UnitTest>
    <UnitTest name="gtas_vpp_fe.Tests.Helpers.ApiBaseUrlResolverTests.Resolve_NormalizesWildcardHttpHosts(rawBaseUrl: &quot;http://+:5092&quot;, expected: &quot;http://127.0.0.1:5092/&quot;)" storage="d:\work\gtas_vpp\gtas_vpp_fe.tests\bin\debug\net10.0\gtas_vpp_fe.tests.dll" id="8a2b9043-e353-f757-a555-0021f31719b8">
      <Execution id="77cec266-7262-4230-b200-d116c5aa0f33" />
      <TestMethod codeBase="D:\WORK\gtas_vpp\gtas_vpp_fe.Tests\bin\Debug\net10.0\gtas_vpp_fe.Tests.dll" adapterTypeName="executor://xunit/VsTestRunner3/netcore/" className="gtas_vpp_fe.Tests.Helpers.ApiBaseUrlResolverTests" name="Resolve_NormalizesWildcardHttpHosts" />
    </UnitTest>
    <UnitTest name="gtas_vpp_fe.Tests.Helpers.DateFormatterTests.Format_MonthYear_RendersMonthAndYear(iso: &quot;2026-04-01&quot;, expected: &quot;04/2026&quot;)" storage="d:\work\gtas_vpp\gtas_vpp_fe.tests\bin\debug\net10.0\gtas_vpp_fe.tests.dll" id="031a278d-2eab-fa7d-d113-7424fd3faad2">
      <Execution id="27f90c6f-fe17-41c3-a8e7-f1a670fa115f" />
      <TestMethod codeBase="D:\WORK\gtas_vpp\gtas_vpp_fe.Tests\bin\Debug\net10.0\gtas_vpp_fe.Tests.dll" adapterTypeName="executor://xunit/VsTestRunner3/netcore/" className="gtas_vpp_fe.Tests.Helpers.DateFormatterTests" name="Format_MonthYear_RendersMonthAndYear" />
    </UnitTest>
    <UnitTest name="gtas_vpp_fe.Tests.Helpers.ApiBaseUrlResolverTests.ShouldBypassServerCertificateValidation_MatchesEnvironmentAndAddress(isDevelopment: True, rawBaseUrl: &quot;https://127.0.0.1:7267&quot;, expected: True)" storage="d:\work\gtas_vpp\gtas_vpp_fe.tests\bin\debug\net10.0\gtas_vpp_fe.tests.dll" id="bcb2294c-3fb1-9375-0957-b43e19764b08">
      <Execution id="013b9393-3350-4d0b-aae8-0c842ea11a7e" />
      <TestMethod codeBase="D:\WORK\gtas_vpp\gtas_vpp_fe.Tests\bin\Debug\net10.0\gtas_vpp_fe.Tests.dll" adapterTypeName="executor://xunit/VsTestRunner3/netcore/" className="gtas_vpp_fe.Tests.Helpers.ApiBaseUrlResolverTests" name="ShouldBypassServerCertificateValidation_MatchesEnvironmentAndAddress" />
    </UnitTest>
    <UnitTest name="gtas_vpp_fe.Tests.Helpers.ApiBaseUrlResolverTests.ShouldBypassServerCertificateValidation_MatchesEnvironmentAndAddress(isDevelopment: False, rawBaseUrl: &quot;https://localhost:7267&quot;, expected: False)" storage="d:\work\gtas_vpp\gtas_vpp_fe.tests\bin\debug\net10.0\gtas_vpp_fe.tests.dll" id="13457d5f-d833-feb7-06cd-c6eab585a132">
      <Execution id="9ed4eae2-92f8-43f5-92f4-5482f19d9e0f" />
      <TestMethod codeBase="D:\WORK\gtas_vpp\gtas_vpp_fe.Tests\bin\Debug\net10.0\gtas_vpp_fe.Tests.dll" adapterTypeName="executor://xunit/VsTestRunner3/netcore/" className="gtas_vpp_fe.Tests.Helpers.ApiBaseUrlResolverTests" name="ShouldBypassServerCertificateValidation_MatchesEnvironmentAndAddress" />
    </UnitTest>
    <UnitTest name="gtas_vpp_fe.Tests.Helpers.ApiBaseUrlResolverTests.ShouldBypassServerCertificateValidation_MatchesEnvironmentAndAddress(isDevelopment: True, rawBaseUrl: &quot;https://backend:8080&quot;, expected: False)" storage="d:\work\gtas_vpp\gtas_vpp_fe.tests\bin\debug\net10.0\gtas_vpp_fe.tests.dll" id="cf338683-91b7-85f4-54ab-f1ecee2763af">
      <Execution id="33d32409-e7c3-4fbf-b351-5dfcdeca42ec" />
      <TestMethod codeBase="D:\WORK\gtas_vpp\gtas_vpp_fe.Tests\bin\Debug\net10.0\gtas_vpp_fe.Tests.dll" adapterTypeName="executor://xunit/VsTestRunner3/netcore/" className="gtas_vpp_fe.Tests.Helpers.ApiBaseUrlResolverTests" name="ShouldBypassServerCertificateValidation_MatchesEnvironmentAndAddress" />
    </UnitTest>
    <UnitTest name="gtas_vpp_fe.Tests.Helpers.ApiBaseUrlResolverTests.Resolve_ThrowsForMissingBaseUrl" storage="d:\work\gtas_vpp\gtas_vpp_fe.tests\bin\debug\net10.0\gtas_vpp_fe.tests.dll" id="355ead5f-74fa-236f-65a2-9cb629f64da4">
      <Execution id="b233a2e9-6ec7-4353-ad5b-43e6deab9283" />
      <TestMethod codeBase="D:\WORK\gtas_vpp\gtas_vpp_fe.Tests\bin\Debug\net10.0\gtas_vpp_fe.Tests.dll" adapterTypeName="executor://xunit/VsTestRunner3/netcore/" className="gtas_vpp_fe.Tests.Helpers.ApiBaseUrlResolverTests" name="Resolve_ThrowsForMissingBaseUrl" />
    </UnitTest>
    <UnitTest name="gtas_vpp_fe.Tests.Helpers.ApiBaseUrlResolverTests.ShouldBypassServerCertificateValidation_MatchesEnvironmentAndAddress(isDevelopment: True, rawBaseUrl: &quot;https://localhost:7267&quot;, expected: True)" storage="d:\work\gtas_vpp\gtas_vpp_fe.tests\bin\debug\net10.0\gtas_vpp_fe.tests.dll" id="e7c28b01-735e-9333-14c2-2763df938c57">
      <Execution id="d7b21e4c-d435-4b29-824b-1f8ff068d6cf" />
      <TestMethod codeBase="D:\WORK\gtas_vpp\gtas_vpp_fe.Tests\bin\Debug\net10.0\gtas_vpp_fe.Tests.dll" adapterTypeName="executor://xunit/VsTestRunner3/netcore/" className="gtas_vpp_fe.Tests.Helpers.ApiBaseUrlResolverTests" name="ShouldBypassServerCertificateValidation_MatchesEnvironmentAndAddress" />
    </UnitTest>
    <UnitTest name="gtas_vpp_fe.Tests.Helpers.ApiBaseUrlResolverTests.Resolve_LeavesConcreteHostUntouched" storage="d:\work\gtas_vpp\gtas_vpp_fe.tests\bin\debug\net10.0\gtas_vpp_fe.tests.dll" id="3fa093bd-2a26-b09d-0019-b568464226e5">
      <Execution id="cc2155c5-8c53-41a3-a923-6a85bd1bffa6" />
      <TestMethod codeBase="D:\WORK\gtas_vpp\gtas_vpp_fe.Tests\bin\Debug\net10.0\gtas_vpp_fe.Tests.dll" adapterTypeName="executor://xunit/VsTestRunner3/netcore/" className="gtas_vpp_fe.Tests.Helpers.ApiBaseUrlResolverTests" name="Resolve_LeavesConcreteHostUntouched" />
    </UnitTest>
    <UnitTest name="gtas_vpp_fe.Tests.Helpers.ApiBaseUrlResolverTests.Resolve_NormalizesWildcardHttpHosts(rawBaseUrl: &quot;http://*:5092&quot;, expected: &quot;http://127.0.0.1:5092/&quot;)" storage="d:\work\gtas_vpp\gtas_vpp_fe.tests\bin\debug\net10.0\gtas_vpp_fe.tests.dll" id="0e069246-c316-08a5-8b33-2a7063268000">
      <Execution id="22c9581f-3fe5-417f-8ce3-f76d5f27c865" />
      <TestMethod codeBase="D:\WORK\gtas_vpp\gtas_vpp_fe.Tests\bin\Debug\net10.0\gtas_vpp_fe.Tests.dll" adapterTypeName="executor://xunit/VsTestRunner3/netcore/" className="gtas_vpp_fe.Tests.Helpers.ApiBaseUrlResolverTests" name="Resolve_NormalizesWildcardHttpHosts" />
    </UnitTest>
    <UnitTest name="gtas_vpp_fe.Tests.Helpers.DateFormatterTests.Format_LongDate_RendersTimeAndDate(iso: &quot;2026-04-05T00:00:00&quot;, expected: &quot;00:00 05/04/2026&quot;)" storage="d:\work\gtas_vpp\gtas_vpp_fe.tests\bin\debug\net10.0\gtas_vpp_fe.tests.dll" id="6c9c2e5e-7bb0-b345-df05-de03cca3f0a8">
      <Execution id="92b351eb-db37-4a89-94fb-ac1185d3823b" />
      <TestMethod codeBase="D:\WORK\gtas_vpp\gtas_vpp_fe.Tests\bin\Debug\net10.0\gtas_vpp_fe.Tests.dll" adapterTypeName="executor://xunit/VsTestRunner3/netcore/" className="gtas_vpp_fe.Tests.Helpers.DateFormatterTests" name="Format_LongDate_RendersTimeAndDate" />
    </UnitTest>
    <UnitTest name="gtas_vpp_fe.Tests.Helpers.DateFormatterTests.Format_IsCultureStable_AcrossThreadCulture" storage="d:\work\gtas_vpp\gtas_vpp_fe.tests\bin\debug\net10.0\gtas_vpp_fe.tests.dll" id="4ed606f7-b66a-ede5-c1e8-ada56197a7f6">
      <Execution id="9fa4245e-4e1b-44db-bdb0-d4e65d7fff57" />
      <TestMethod codeBase="D:\WORK\gtas_vpp\gtas_vpp_fe.Tests\bin\Debug\net10.0\gtas_vpp_fe.Tests.dll" adapterTypeName="executor://xunit/VsTestRunner3/netcore/" className="gtas_vpp_fe.Tests.Helpers.DateFormatterTests" name="Format_IsCultureStable_AcrossThreadCulture" />
    </UnitTest>
    <UnitTest name="gtas_vpp_fe.Tests.Helpers.DateFormatterTests.Format_ShortDate_RendersDayMonthYear(iso: &quot;2026-04-05&quot;, expected: &quot;05/04/2026&quot;)" storage="d:\work\gtas_vpp\gtas_vpp_fe.tests\bin\debug\net10.0\gtas_vpp_fe.tests.dll" id="abe74dac-59fd-8c93-fe3d-f4622e822f51">
      <Execution id="107571d5-b012-43a0-a383-e8797953b93e" />
      <TestMethod codeBase="D:\WORK\gtas_vpp\gtas_vpp_fe.Tests\bin\Debug\net10.0\gtas_vpp_fe.Tests.dll" adapterTypeName="executor://xunit/VsTestRunner3/netcore/" className="gtas_vpp_fe.Tests.Helpers.DateFormatterTests" name="Format_ShortDate_RendersDayMonthYear" />
    </UnitTest>
    <UnitTest name="gtas_vpp_fe.Tests.Helpers.ApiBaseUrlResolverTests.Resolve_NormalizesWildcardHttpsHosts(rawBaseUrl: &quot;https://0.0.0.0:7267&quot;, expected: &quot;https://localhost:7267/&quot;)" storage="d:\work\gtas_vpp\gtas_vpp_fe.tests\bin\debug\net10.0\gtas_vpp_fe.tests.dll" id="24a6e9bc-33a8-9645-e497-6d3349336f0c">
      <Execution id="56e8033c-e611-499d-92b0-2f04171f0fa0" />
      <TestMethod codeBase="D:\WORK\gtas_vpp\gtas_vpp_fe.Tests\bin\Debug\net10.0\gtas_vpp_fe.Tests.dll" adapterTypeName="executor://xunit/VsTestRunner3/netcore/" className="gtas_vpp_fe.Tests.Helpers.ApiBaseUrlResolverTests" name="Resolve_NormalizesWildcardHttpsHosts" />
    </UnitTest>
    <UnitTest name="gtas_vpp_fe.Tests.Helpers.DateFormatterTests.Format_LongDate_RendersTimeAndDate(iso: &quot;2026-04-05T23:59:59&quot;, expected: &quot;23:59 05/04/2026&quot;)" storage="d:\work\gtas_vpp\gtas_vpp_fe.tests\bin\debug\net10.0\gtas_vpp_fe.tests.dll" id="42c59d2b-9ba9-4370-09db-22bb3a64754a">
      <Execution id="f013dea7-8243-4d4c-9e89-4f94bf391f23" />
      <TestMethod codeBase="D:\WORK\gtas_vpp\gtas_vpp_fe.Tests\bin\Debug\net10.0\gtas_vpp_fe.Tests.dll" adapterTypeName="executor://xunit/VsTestRunner3/netcore/" className="gtas_vpp_fe.Tests.Helpers.DateFormatterTests" name="Format_LongDate_RendersTimeAndDate" />
    </UnitTest>
    <UnitTest name="gtas_vpp_fe.Tests.Helpers.DateFormatterTests.Format_ShortDate_RendersDayMonthYear(iso: &quot;2026-12-31&quot;, expected: &quot;31/12/2026&quot;)" storage="d:\work\gtas_vpp\gtas_vpp_fe.tests\bin\debug\net10.0\gtas_vpp_fe.tests.dll" id="cb09c019-c8fa-a6e9-b5a8-94d34efa285b">
      <Execution id="bf1c6739-6091-406c-b9d9-667cc9342cbb" />
      <TestMethod codeBase="D:\WORK\gtas_vpp\gtas_vpp_fe.Tests\bin\Debug\net10.0\gtas_vpp_fe.Tests.dll" adapterTypeName="executor://xunit/VsTestRunner3/netcore/" className="gtas_vpp_fe.Tests.Helpers.DateFormatterTests" name="Format_ShortDate_RendersDayMonthYear" />
    </UnitTest>
    <UnitTest name="gtas_vpp_fe.Tests.Helpers.DateFormatterTests.Format_LongDate_RendersTimeAndDate(iso: &quot;2026-04-05T14:30:00&quot;, expected: &quot;14:30 05/04/2026&quot;)" storage="d:\work\gtas_vpp\gtas_vpp_fe.tests\bin\debug\net10.0\gtas_vpp_fe.tests.dll" id="2d8bf75a-7fdf-1c8a-54ab-66081e936763">
      <Execution id="79eec897-6f50-495e-85bd-f284346e0411" />
      <TestMethod codeBase="D:\WORK\gtas_vpp\gtas_vpp_fe.Tests\bin\Debug\net10.0\gtas_vpp_fe.Tests.dll" adapterTypeName="executor://xunit/VsTestRunner3/netcore/" className="gtas_vpp_fe.Tests.Helpers.DateFormatterTests" name="Format_LongDate_RendersTimeAndDate" />
    </UnitTest>
    <UnitTest name="gtas_vpp_fe.Tests.Helpers.DateFormatterTests.Format_TimeOnly_RendersHourAndMinute(iso: &quot;2026-04-05T14:30:00&quot;, expected: &quot;14:30&quot;)" storage="d:\work\gtas_vpp\gtas_vpp_fe.tests\bin\debug\net10.0\gtas_vpp_fe.tests.dll" id="1e7d22f1-df21-0c21-02e6-32abf008e464">
      <Execution id="01eca5f3-85f0-478f-9839-e9679dae83b4" />
      <TestMethod codeBase="D:\WORK\gtas_vpp\gtas_vpp_fe.Tests\bin\Debug\net10.0\gtas_vpp_fe.Tests.dll" adapterTypeName="executor://xunit/VsTestRunner3/netcore/" className="gtas_vpp_fe.Tests.Helpers.DateFormatterTests" name="Format_TimeOnly_RendersHourAndMinute" />
    </UnitTest>
    <UnitTest name="gtas_vpp_fe.Tests.Helpers.ApiBaseUrlResolverTests.Resolve_NormalizesWildcardHttpHosts(rawBaseUrl: &quot;http://0.0.0.0:5092&quot;, expected: &quot;http://127.0.0.1:5092/&quot;)" storage="d:\work\gtas_vpp\gtas_vpp_fe.tests\bin\debug\net10.0\gtas_vpp_fe.tests.dll" id="6960cebe-3364-2cc1-6a6d-9ebde07bb840">
      <Execution id="31b981b1-1574-4735-8a6b-90544ba48f6c" />
      <TestMethod codeBase="D:\WORK\gtas_vpp\gtas_vpp_fe.Tests\bin\Debug\net10.0\gtas_vpp_fe.Tests.dll" adapterTypeName="executor://xunit/VsTestRunner3/netcore/" className="gtas_vpp_fe.Tests.Helpers.ApiBaseUrlResolverTests" name="Resolve_NormalizesWildcardHttpHosts" />
    </UnitTest>
    <UnitTest name="gtas_vpp_fe.Tests.Helpers.DateFormatterTests.Format_TimeOnly_RendersHourAndMinute(iso: &quot;2026-04-05T00:05:00&quot;, expected: &quot;00:05&quot;)" storage="d:\work\gtas_vpp\gtas_vpp_fe.tests\bin\debug\net10.0\gtas_vpp_fe.tests.dll" id="a95380df-b830-8990-2a52-5b36d4f34f52">
      <Execution id="d83dc428-83c3-4e6a-b2e0-9ef4d38cf999" />
      <TestMethod codeBase="D:\WORK\gtas_vpp\gtas_vpp_fe.Tests\bin\Debug\net10.0\gtas_vpp_fe.Tests.dll" adapterTypeName="executor://xunit/VsTestRunner3/netcore/" className="gtas_vpp_fe.Tests.Helpers.DateFormatterTests" name="Format_TimeOnly_RendersHourAndMinute" />
    </UnitTest>
    <UnitTest name="gtas_vpp_fe.Tests.Helpers.DateFormatterTests.Format_Nullable_Null_ReturnsDash" storage="d:\work\gtas_vpp\gtas_vpp_fe.tests\bin\debug\net10.0\gtas_vpp_fe.tests.dll" id="af9e279b-e792-4fa6-ba00-893c0da35c65">
      <Execution id="ec10281b-6094-40c4-bf47-a68bf5e0165b" />
      <TestMethod codeBase="D:\WORK\gtas_vpp\gtas_vpp_fe.Tests\bin\Debug\net10.0\gtas_vpp_fe.Tests.dll" adapterTypeName="executor://xunit/VsTestRunner3/netcore/" className="gtas_vpp_fe.Tests.Helpers.DateFormatterTests" name="Format_Nullable_Null_ReturnsDash" />
    </UnitTest>
    <UnitTest name="gtas_vpp_fe.Tests.Helpers.DateFormatterTests.Constants_Match_AuditSpec" storage="d:\work\gtas_vpp\gtas_vpp_fe.tests\bin\debug\net10.0\gtas_vpp_fe.tests.dll" id="a1aa777d-7786-bcae-7ba2-3a2e5c6f089c">
      <Execution id="2a5f93aa-efad-46eb-9b01-9a1cc3d08d92" />
      <TestMethod codeBase="D:\WORK\gtas_vpp\gtas_vpp_fe.Tests\bin\Debug\net10.0\gtas_vpp_fe.Tests.dll" adapterTypeName="executor://xunit/VsTestRunner3/netcore/" className="gtas_vpp_fe.Tests.Helpers.DateFormatterTests" name="Constants_Match_AuditSpec" />
    </UnitTest>
    <UnitTest name="gtas_vpp_fe.Tests.Helpers.DateFormatterTests.Format_MonthYear_RendersMonthAndYear(iso: &quot;2026-12-15&quot;, expected: &quot;12/2026&quot;)" storage="d:\work\gtas_vpp\gtas_vpp_fe.tests\bin\debug\net10.0\gtas_vpp_fe.tests.dll" id="94a1475b-bcbe-0934-9b93-afbce20a496d">
      <Execution id="ee4967ed-ec95-42a3-8c04-fb0dd9b3d144" />
      <TestMethod codeBase="D:\WORK\gtas_vpp\gtas_vpp_fe.Tests\bin\Debug\net10.0\gtas_vpp_fe.Tests.dll" adapterTypeName="executor://xunit/VsTestRunner3/netcore/" className="gtas_vpp_fe.Tests.Helpers.DateFormatterTests" name="Format_MonthYear_RendersMonthAndYear" />
    </UnitTest>
    <UnitTest name="gtas_vpp_fe.Tests.Helpers.ApiBaseUrlResolverTests.Resolve_NormalizesWildcardHttpsHosts(rawBaseUrl: &quot;https://[::]:7267&quot;, expected: &quot;https://localhost:7267/&quot;)" storage="d:\work\gtas_vpp\gtas_vpp_fe.tests\bin\debug\net10.0\gtas_vpp_fe.tests.dll" id="4bbf71f3-75d1-a3ee-36bc-29a555d32ff2">
      <Execution id="fc4bf7a0-2af4-4e88-9d85-e944017fd5c8" />
      <TestMethod codeBase="D:\WORK\gtas_vpp\gtas_vpp_fe.Tests\bin\Debug\net10.0\gtas_vpp_fe.Tests.dll" adapterTypeName="executor://xunit/VsTestRunner3/netcore/" className="gtas_vpp_fe.Tests.Helpers.ApiBaseUrlResolverTests" name="Resolve_NormalizesWildcardHttpsHosts" />
    </UnitTest>
    <UnitTest name="gtas_vpp_fe.Tests.Helpers.DateFormatterTests.Format_ShortDate_RendersDayMonthYear(iso: &quot;2026-01-01&quot;, expected: &quot;01/01/2026&quot;)" storage="d:\work\gtas_vpp\gtas_vpp_fe.tests\bin\debug\net10.0\gtas_vpp_fe.tests.dll" id="44a6fad6-d713-4891-cc03-e3d8555df2f7">
      <Execution id="f53cc95b-fe32-40ee-baa4-e9b74b935108" />
      <TestMethod codeBase="D:\WORK\gtas_vpp\gtas_vpp_fe.Tests\bin\Debug\net10.0\gtas_vpp_fe.Tests.dll" adapterTypeName="executor://xunit/VsTestRunner3/netcore/" className="gtas_vpp_fe.Tests.Helpers.DateFormatterTests" name="Format_ShortDate_RendersDayMonthYear" />
    </UnitTest>
    <UnitTest name="gtas_vpp_fe.Tests.Helpers.DateFormatterTests.Format_NonNull_OverloadMatchesNullable" storage="d:\work\gtas_vpp\gtas_vpp_fe.tests\bin\debug\net10.0\gtas_vpp_fe.tests.dll" id="0e71225f-67e9-e897-5022-e72bd55537b5">
      <Execution id="7c5f3339-f9f4-467c-9de4-90eaf455274d" />
      <TestMethod codeBase="D:\WORK\gtas_vpp\gtas_vpp_fe.Tests\bin\Debug\net10.0\gtas_vpp_fe.Tests.dll" adapterTypeName="executor://xunit/VsTestRunner3/netcore/" className="gtas_vpp_fe.Tests.Helpers.DateFormatterTests" name="Format_NonNull_OverloadMatchesNullable" />
    </UnitTest>
  </TestDefinitions>
  <TestEntries>
    <TestEntry testId="9779f15d-43ca-dec6-0690-237dc6512276" executionId="086c3e9a-b48c-40b3-9b5b-0d308ab9009d" testListId="8c84fa94-04c1-424b-9868-57a2d4851a1d" />
    <TestEntry testId="6960cebe-3364-2cc1-6a6d-9ebde07bb840" executionId="31b981b1-1574-4735-8a6b-90544ba48f6c" testListId="8c84fa94-04c1-424b-9868-57a2d4851a1d" />
    <TestEntry testId="af9e279b-e792-4fa6-ba00-893c0da35c65" executionId="ec10281b-6094-40c4-bf47-a68bf5e0165b" testListId="8c84fa94-04c1-424b-9868-57a2d4851a1d" />
    <TestEntry testId="cf338683-91b7-85f4-54ab-f1ecee2763af" executionId="33d32409-e7c3-4fbf-b351-5dfcdeca42ec" testListId="8c84fa94-04c1-424b-9868-57a2d4851a1d" />
    <TestEntry testId="44a6fad6-d713-4891-cc03-e3d8555df2f7" executionId="f53cc95b-fe32-40ee-baa4-e9b74b935108" testListId="8c84fa94-04c1-424b-9868-57a2d4851a1d" />
    <TestEntry testId="8a2b9043-e353-f757-a555-0021f31719b8" executionId="77cec266-7262-4230-b200-d116c5aa0f33" testListId="8c84fa94-04c1-424b-9868-57a2d4851a1d" />
    <TestEntry testId="6c9c2e5e-7bb0-b345-df05-de03cca3f0a8" executionId="92b351eb-db37-4a89-94fb-ac1185d3823b" testListId="8c84fa94-04c1-424b-9868-57a2d4851a1d" />
    <TestEntry testId="13457d5f-d833-feb7-06cd-c6eab585a132" executionId="9ed4eae2-92f8-43f5-92f4-5482f19d9e0f" testListId="8c84fa94-04c1-424b-9868-57a2d4851a1d" />
    <TestEntry testId="1e7d22f1-df21-0c21-02e6-32abf008e464" executionId="01eca5f3-85f0-478f-9839-e9679dae83b4" testListId="8c84fa94-04c1-424b-9868-57a2d4851a1d" />
    <TestEntry testId="0e069246-c316-08a5-8b33-2a7063268000" executionId="22c9581f-3fe5-417f-8ce3-f76d5f27c865" testListId="8c84fa94-04c1-424b-9868-57a2d4851a1d" />
    <TestEntry testId="94a1475b-bcbe-0934-9b93-afbce20a496d" executionId="ee4967ed-ec95-42a3-8c04-fb0dd9b3d144" testListId="8c84fa94-04c1-424b-9868-57a2d4851a1d" />
    <TestEntry testId="4ed606f7-b66a-ede5-c1e8-ada56197a7f6" executionId="9fa4245e-4e1b-44db-bdb0-d4e65d7fff57" testListId="8c84fa94-04c1-424b-9868-57a2d4851a1d" />
    <TestEntry testId="a1aa777d-7786-bcae-7ba2-3a2e5c6f089c" executionId="2a5f93aa-efad-46eb-9b01-9a1cc3d08d92" testListId="8c84fa94-04c1-424b-9868-57a2d4851a1d" />
    <TestEntry testId="2d8bf75a-7fdf-1c8a-54ab-66081e936763" executionId="79eec897-6f50-495e-85bd-f284346e0411" testListId="8c84fa94-04c1-424b-9868-57a2d4851a1d" />
    <TestEntry testId="abe74dac-59fd-8c93-fe3d-f4622e822f51" executionId="107571d5-b012-43a0-a383-e8797953b93e" testListId="8c84fa94-04c1-424b-9868-57a2d4851a1d" />
    <TestEntry testId="e7c28b01-735e-9333-14c2-2763df938c57" executionId="d7b21e4c-d435-4b29-824b-1f8ff068d6cf" testListId="8c84fa94-04c1-424b-9868-57a2d4851a1d" />
    <TestEntry testId="24a6e9bc-33a8-9645-e497-6d3349336f0c" executionId="56e8033c-e611-499d-92b0-2f04171f0fa0" testListId="8c84fa94-04c1-424b-9868-57a2d4851a1d" />
    <TestEntry testId="3fa093bd-2a26-b09d-0019-b568464226e5" executionId="cc2155c5-8c53-41a3-a923-6a85bd1bffa6" testListId="8c84fa94-04c1-424b-9868-57a2d4851a1d" />
    <TestEntry testId="a95380df-b830-8990-2a52-5b36d4f34f52" executionId="d83dc428-83c3-4e6a-b2e0-9ef4d38cf999" testListId="8c84fa94-04c1-424b-9868-57a2d4851a1d" />
    <TestEntry testId="031a278d-2eab-fa7d-d113-7424fd3faad2" executionId="27f90c6f-fe17-41c3-a8e7-f1a670fa115f" testListId="8c84fa94-04c1-424b-9868-57a2d4851a1d" />
    <TestEntry testId="bcb2294c-3fb1-9375-0957-b43e19764b08" executionId="013b9393-3350-4d0b-aae8-0c842ea11a7e" testListId="8c84fa94-04c1-424b-9868-57a2d4851a1d" />
    <TestEntry testId="cb09c019-c8fa-a6e9-b5a8-94d34efa285b" executionId="bf1c6739-6091-406c-b9d9-667cc9342cbb" testListId="8c84fa94-04c1-424b-9868-57a2d4851a1d" />
    <TestEntry testId="42c59d2b-9ba9-4370-09db-22bb3a64754a" executionId="f013dea7-8243-4d4c-9e89-4f94bf391f23" testListId="8c84fa94-04c1-424b-9868-57a2d4851a1d" />
    <TestEntry testId="4bbf71f3-75d1-a3ee-36bc-29a555d32ff2" executionId="fc4bf7a0-2af4-4e88-9d85-e944017fd5c8" testListId="8c84fa94-04c1-424b-9868-57a2d4851a1d" />
    <TestEntry testId="0e71225f-67e9-e897-5022-e72bd55537b5" executionId="7c5f3339-f9f4-467c-9de4-90eaf455274d" testListId="8c84fa94-04c1-424b-9868-57a2d4851a1d" />
    <TestEntry testId="355ead5f-74fa-236f-65a2-9cb629f64da4" executionId="b233a2e9-6ec7-4353-ad5b-43e6deab9283" testListId="8c84fa94-04c1-424b-9868-57a2d4851a1d" />
  </TestEntries>
  <TestLists>
    <TestList name="Results Not in a List" id="8c84fa94-04c1-424b-9868-57a2d4851a1d" />
    <TestList name="All Loaded Results" id="19431567-8539-422a-85d7-44ee4e166bda" />
  </TestLists>
  <ResultSummary outcome="Completed">
    <Counters total="26" executed="26" passed="26" failed="0" error="0" timeout="0" aborted="0" inconclusive="0" passedButRunAborted="0" notRunnable="0" notExecuted="0" disconnected="0" warning="0" completed="0" inProgress="0" pending="0" />
    <Output>
      <StdOut>[xUnit.net 00:00:00.00] xUnit.net VSTest Adapter v3.1.4+50e68bbb8b (64-bit .NET 10.0.9)&#xD;
[xUnit.net 00:00:00.86]   Discovering: gtas_vpp_fe.Tests&#xD;
[xUnit.net 00:00:00.93]   Discovered:  gtas_vpp_fe.Tests&#xD;
[xUnit.net 00:00:00.98]   Starting:    gtas_vpp_fe.Tests&#xD;
[xUnit.net 00:00:01.60]   Finished:    gtas_vpp_fe.Tests&#xD;
</StdOut>
    </Output>
  </ResultSummary>
</TestRun>